esm.sh/pitchy@4:1  Failed to load resource: net::ERR_CONNECTION_CLOSED
blob:http://localhost:5173/30746c77-e69d-45b2-a7d3-8d97358c3f65:1  Failed to load resource: net::ERR_FILE_NOT_FOUND
blob:http://localhost:5173/5039e2c9-da28-43b8-9ff6-656f57968585:1  Failed to load resource: net::ERR_FILE_NOT_FOUND
blob:http://localhost:5173/30746c77-e69d-45b2-a7d3-8d97358c3f65:1  Failed to load resource: net::ERR_FILE_NOT_FOUND
blob:http://localhost:5173/5039e2c9-da28-43b8-9ff6-656f57968585:1  Failed to load resource: net::ERR_FILE_NOT_FOUND
blob:http://localhost:5173/30746c77-e69d-45b2-a7d3-8d97358c3f65:1  Failed to load resource: net::ERR_FILE_NOT_FOUND
blob:http://localhost:5173/5039e2c9-da28-43b8-9ff6-656f57968585:1  Failed to load resource: net::ERR_FILE_NOT_FOUND
blob:http://localhost:5173/30746c77-e69d-45b2-a7d3-8d97358c3f65:1  Failed to load resource: net::ERR_FILE_NOT_FOUND
blob:http://localhost:5173/5039e2c9-da28-43b8-9ff6-656f57968585:1  Failed to load resource: net::ERR_FILE_NOT_FOUND
blob:http://localhost:5173/30746c77-e69d-45b2-a7d3-8d97358c3f65:1  Failed to load resource: net::ERR_FILE_NOT_FOUND
blob:http://localhost:5173/5039e2c9-da28-43b8-9ff6-656f57968585:1  Failed to load resource: net::ERR_FILE_NOT_FOUND
blob:http://localhost:5173/30746c77-e69d-45b2-a7d3-8d97358c3f65:1  Failed to load resource: net::ERR_FILE_NOT_FOUND
blob:http://localhost:5173/5039e2c9-da28-43b8-9ff6-656f57968585:1  Failed to load resource: net::ERR_FILE_NOT_FOUND
blob:http://localhost:5173/30746c77-e69d-45b2-a7d3-8d97358c3f65:1  Failed to load resource: net::ERR_FILE_NOT_FOUND
blob:http://localhost:5173/5039e2c9-da28-43b8-9ff6-656f57968585:1  Failed to load resource: net::ERR_FILE_NOT_FOUND
blob:http://localhost:5173/30746c77-e69d-45b2-a7d3-8d97358c3f65:1  Failed to load resource: net::ERR_FILE_NOT_FOUND
blob:http://localhost:5173/5039e2c9-da28-43b8-9ff6-656f57968585:1  Failed to load resource: net::ERR_FILE_NOT_FOUND
blob:http://localhost:5173/30746c77-e69d-45b2-a7d3-8d97358c3f65:1  Failed to load resource: net::ERR_FILE_NOT_FOUND
blob:http://localhost:5173/5039e2c9-da28-43b8-9ff6-656f57968585:1  Failed to load resource: net::ERR_FILE_NOT_FOUND
blob:http://localhost:5173/30746c77-e69d-45b2-a7d3-8d97358c3f65:1  Failed to load resource: net::ERR_FILE_NOT_FOUND
blob:http://localhost:5173/5039e2c9-da28-43b8-9ff6-656f57968585:1  Failed to load resource: net::ERR_FILE_NOT_FOUND
blob:http://localhost:5173/30746c77-e69d-45b2-a7d3-8d97358c3f65:1  Failed to load resource: net::ERR_FILE_NOT_FOUND
blob:http://localhost:5173/5039e2c9-da28-43b8-9ff6-656f57968585:1  Failed to load resource: net::ERR_FILE_NOT_FOUND
blob:http://localhost:5173/30746c77-e69d-45b2-a7d3-8d97358c3f65:1  Failed to load resource: net::ERR_FILE_NOT_FOUND
blob:http://localhost:5173/5039e2c9-da28-43b8-9ff6-656f57968585:1  Failed to load resource: net::ERR_FILE_NOT_FOUND
blob:http://localhost:5173/30746c77-e69d-45b2-a7d3-8d97358c3f65:1  Failed to load resource: net::ERR_FILE_NOT_FOUND
blob:http://localhost:5173/5039e2c9-da28-43b8-9ff6-656f57968585:1  Failed to load resource: net::ERR_FILE_NOT_FOUND
blob:http://localhost:5173/30746c77-e69d-45b2-a7d3-8d97358c3f65:1  Failed to load resource: net::ERR_FILE_NOT_FOUND
blob:http://localhost:5173/5039e2c9-da28-43b8-9ff6-656f57968585:1  Failed to load resource: net::ERR_FILE_NOT_FOUND
blob:http://localhost:5173/30746c77-e69d-45b2-a7d3-8d97358c3f65:1  Failed to load resource: net::ERR_FILE_NOT_FOUND
blob:http://localhost:5173/5039e2c9-da28-43b8-9ff6-656f57968585:1  Failed to load resource: net::ERR_FILE_NOT_FOUND
blob:http://localhost:5173/30746c77-e69d-45b2-a7d3-8d97358c3f65:1  Failed to load resource: net::ERR_FILE_NOT_FOUND
blob:http://localhost:5173/5039e2c9-da28-43b8-9ff6-656f57968585:1  Failed to load resource: net::ERR_FILE_NOT_FOUND
blob:http://localhost:5173/30746c77-e69d-45b2-a7d3-8d97358c3f65:1  Failed to load resource: net::ERR_FILE_NOT_FOUND
blob:http://localhost:5173/5039e2c9-da28-43b8-9ff6-656f57968585:1  Failed to load resource: net::ERR_FILE_NOT_FOUND
blob:http://localhost:5173/30746c77-e69d-45b2-a7d3-8d97358c3f65:1  Failed to load resource: net::ERR_FILE_NOT_FOUND
blob:http://localhost:5173/5039e2c9-da28-43b8-9ff6-656f57968585:1  Failed to load resource: net::ERR_FILE_NOT_FOUND
blob:http://localhost:5173/30746c77-e69d-45b2-a7d3-8d97358c3f65:1  Failed to load resource: net::ERR_FILE_NOT_FOUND
blob:http://localhost:5173/5039e2c9-da28-43b8-9ff6-656f57968585:1  Failed to load resource: net::ERR_FILE_NOT_FOUND
blob:http://localhost:5173/30746c77-e69d-45b2-a7d3-8d97358c3f65:1  Failed to load resource: net::ERR_FILE_NOT_FOUND
blob:http://localhost:5173/5039e2c9-da28-43b8-9ff6-656f57968585:1  Failed to load resource: net::ERR_FILE_NOT_FOUND
blob:http://localhost:5173/30746c77-e69d-45b2-a7d3-8d97358c3f65:1  Failed to load resource: net::ERR_FILE_NOT_FOUND
blob:http://localhost:5173/5039e2c9-da28-43b8-9ff6-656f57968585:1  Failed to load resource: net::ERR_FILE_NOT_FOUND
blob:http://localhost:5173/30746c77-e69d-45b2-a7d3-8d97358c3f65:1  Failed to load resource: net::ERR_FILE_NOT_FOUND
blob:http://localhost:5173/5039e2c9-da28-43b8-9ff6-656f57968585:1  Failed to load resource: net::ERR_FILE_NOT_FOUND
blob:http://localhost:5173/30746c77-e69d-45b2-a7d3-8d97358c3f65:1  Failed to load resource: net::ERR_FILE_NOT_FOUND
blob:http://localhost:5173/5039e2c9-da28-43b8-9ff6-656f57968585:1  Failed to load resource: net::ERR_FILE_NOT_FOUND
blob:http://localhost:5173/30746c77-e69d-45b2-a7d3-8d97358c3f65:1  Failed to load resource: net::ERR_FILE_NOT_FOUND
blob:http://localhost:5173/5039e2c9-da28-43b8-9ff6-656f57968585:1  Failed to load resource: net::ERR_FILE_NOT_FOUND
blob:http://localhost:5173/30746c77-e69d-45b2-a7d3-8d97358c3f65:1  Failed to load resource: net::ERR_FILE_NOT_FOUND
blob:http://localhost:5173/5039e2c9-da28-43b8-9ff6-656f57968585:1  Failed to load resource: net::ERR_FILE_NOT_FOUND
blob:http://localhost:5173/30746c77-e69d-45b2-a7d3-8d97358c3f65:1  Failed to load resource: net::ERR_FILE_NOT_FOUND
blob:http://localhost:5173/5039e2c9-da28-43b8-9ff6-656f57968585:1  Failed to load resource: net::ERR_FILE_NOT_FOUND
blob:http://localhost:5173/30746c77-e69d-45b2-a7d3-8d97358c3f65:1  Failed to load resource: net::ERR_FILE_NOT_FOUND
blob:http://localhost:5173/5039e2c9-da28-43b8-9ff6-656f57968585:1  Failed to load resource: net::ERR_FILE_NOT_FOUND
blob:http://localhost:5173/30746c77-e69d-45b2-a7d3-8d97358c3f65:1  Failed to load resource: net::ERR_FILE_NOT_FOUND
blob:http://localhost:5173/5039e2c9-da28-43b8-9ff6-656f57968585:1  Failed to load resource: net::ERR_FILE_NOT_FOUND
blob:http://localhost:5173/30746c77-e69d-45b2-a7d3-8d97358c3f65:1  Failed to load resource: net::ERR_FILE_NOT_FOUND
blob:http://localhost:5173/5039e2c9-da28-43b8-9ff6-656f57968585:1  Failed to load resource: net::ERR_FILE_NOT_FOUND
blob:http://localhost:5173/30746c77-e69d-45b2-a7d3-8d97358c3f65:1  Failed to load resource: net::ERR_FILE_NOT_FOUND
blob:http://localhost:5173/5039e2c9-da28-43b8-9ff6-656f57968585:1  Failed to load resource: net::ERR_FILE_NOT_FOUND
blob:http://localhost:5173/30746c77-e69d-45b2-a7d3-8d97358c3f65:1  Failed to load resource: net::ERR_FILE_NOT_FOUND
blob:http://localhost:5173/5039e2c9-da28-43b8-9ff6-656f57968585:1  Failed to load resource: net::ERR_FILE_NOT_FOUND
 ModalBlockEditor: Mouse move, isDragging: false draggedBlock: null
 ModalBlockEditor: Mouse move, isDragging: false draggedBlock: null
 ModalBlockEditor: Mouse move, isDragging: false draggedBlock: null
 ModalBlockEditor: Mouse move, isDragging: false draggedBlock: null
 ModalBlockEditor: Mouse move, isDragging: false draggedBlock: null
 ModalBlockEditor: Mouse move, isDragging: false draggedBlock: null
 ModalBlockEditor: Mouse move, isDragging: false draggedBlock: null
 ModalBlockEditor: Mouse move, isDragging: false draggedBlock: null
 ModalBlockEditor: Mouse move, isDragging: false draggedBlock: null
 ModalBlockEditor: Mouse move, isDragging: false draggedBlock: null
 ModalBlockEditor: Mouse move, isDragging: false draggedBlock: null
 ModalBlockEditor: Mouse move, isDragging: false draggedBlock: null
 ModalBlockEditor: Mouse move, isDragging: false draggedBlock: null
 ModalBlockEditor: Mouse move, isDragging: false draggedBlock: null
 ModalBlockEditor: Mouse move, isDragging: false draggedBlock: null
 ModalBlockEditor: Mouse move, isDragging: false draggedBlock: null
 ModalBlockEditor: Mouse move, isDragging: false draggedBlock: null
 ModalBlockEditor: Mouse move, isDragging: false draggedBlock: null
 ModalBlockEditor: Mouse move, isDragging: false draggedBlock: null
 ModalBlockEditor: Mouse move, isDragging: false draggedBlock: null
 ModalBlockEditor: Mouse move, isDragging: false draggedBlock: null
 ModalBlockEditor: Mouse move, isDragging: false draggedBlock: null
 ModalBlockEditor: Mouse move, isDragging: false draggedBlock: null
 ModalBlockEditor: Mouse move, isDragging: false draggedBlock: null
 ModalBlockEditor: Mouse move, isDragging: false draggedBlock: null
 ModalBlockEditor: Mouse move, isDragging: false draggedBlock: null
 ModalBlockEditor: Mouse move, isDragging: false draggedBlock: null
 ModalBlockEditor: Mouse move, isDragging: false draggedBlock: null
 ModalBlockEditor: Mouse move, isDragging: false draggedBlock: null
 ModalBlockEditor: Mouse up, isDragging: false draggedBlock: null mergeTarget: null
 📁 CatalogV2: Overlay открыт
 ModalBlockEditor: Mouse move, isDragging: false draggedBlock: null
 ModalBlockEditor: Mouse move, isDragging: false draggedBlock: null
 ModalBlockEditor: Mouse move, isDragging: false draggedBlock: null
 ModalBlockEditor: Mouse move, isDragging: false draggedBlock: null
 ModalBlockEditor: Mouse move, isDragging: false draggedBlock: null
 ModalBlockEditor: Mouse move, isDragging: false draggedBlock: null
 ModalBlockEditor: Mouse move, isDragging: false draggedBlock: null
 ModalBlockEditor: Mouse move, isDragging: false draggedBlock: null
 ModalBlockEditor: Mouse move, isDragging: false draggedBlock: null
 ModalBlockEditor: Mouse move, isDragging: false draggedBlock: null
 ModalBlockEditor: Mouse move, isDragging: false draggedBlock: null
 ModalBlockEditor: Mouse move, isDragging: false draggedBlock: null
 ModalBlockEditor: Mouse move, isDragging: false draggedBlock: null
 ModalBlockEditor: Mouse move, isDragging: false draggedBlock: null
 ModalBlockEditor: Mouse move, isDragging: false draggedBlock: null
 ModalBlockEditor: Mouse up, isDragging: false draggedBlock: null mergeTarget: null
 🎵 CatalogV2: "Моя музыка" обновлена, отображено 1 треков
 🔔 CatalogV2: ✅ Трек удалён
 Удаляем трек с ID 1763457105131 из локального массива tracks
 Трек успешно удален. Осталось треков: 12
 🎵 CatalogV2: Поиск/каталог обновлён, элементов: 12
 ModalBlockEditor: Mouse move, isDragging: false draggedBlock: null
 ModalBlockEditor: Mouse move, isDragging: false draggedBlock: null
 ModalBlockEditor: Mouse move, isDragging: false draggedBlock: null
 ModalBlockEditor: Mouse move, isDragging: false draggedBlock: null
 ModalBlockEditor: Mouse move, isDragging: false draggedBlock: null
 ModalBlockEditor: Mouse move, isDragging: false draggedBlock: null
 ModalBlockEditor: Mouse move, isDragging: false draggedBlock: null
 ModalBlockEditor: Mouse move, isDragging: false draggedBlock: null
 ModalBlockEditor: Mouse up, isDragging: false draggedBlock: null mergeTarget: null
 🔔 CatalogV2: ✅ Трек удалён
 Удаляем трек с ID 1761768199765 из локального массива tracks
 Трек успешно удален. Осталось треков: 11
 🎵 CatalogV2: Поиск/каталог обновлён, элементов: 11
 ModalBlockEditor: Mouse move, isDragging: false draggedBlock: null
 ModalBlockEditor: Mouse move, isDragging: false draggedBlock: null
 ModalBlockEditor: Mouse move, isDragging: false draggedBlock: null
 ModalBlockEditor: Mouse move, isDragging: false draggedBlock: null
 ModalBlockEditor: Mouse move, isDragging: false draggedBlock: null
 ModalBlockEditor: Mouse move, isDragging: false draggedBlock: null
 ModalBlockEditor: Mouse move, isDragging: false draggedBlock: null
 ModalBlockEditor: Mouse move, isDragging: false draggedBlock: null
 ModalBlockEditor: Mouse up, isDragging: false draggedBlock: null mergeTarget: null
 🔄 CatalogV2: Переключен на режим upload
 ModalBlockEditor: Mouse move, isDragging: false draggedBlock: null
 ModalBlockEditor: Mouse move, isDragging: false draggedBlock: null
 ModalBlockEditor: Mouse move, isDragging: false draggedBlock: null
 ModalBlockEditor: Mouse move, isDragging: false draggedBlock: null
 ModalBlockEditor: Mouse move, isDragging: false draggedBlock: null
 ModalBlockEditor: Mouse move, isDragging: false draggedBlock: null
 ModalBlockEditor: Mouse move, isDragging: false draggedBlock: null
 ModalBlockEditor: Mouse move, isDragging: false draggedBlock: null
 ModalBlockEditor: Mouse move, isDragging: false draggedBlock: null
 ModalBlockEditor: Mouse move, isDragging: false draggedBlock: null
 ModalBlockEditor: Mouse move, isDragging: false draggedBlock: null
 ModalBlockEditor: Mouse move, isDragging: false draggedBlock: null
 ModalBlockEditor: Mouse move, isDragging: false draggedBlock: null
 ModalBlockEditor: Mouse move, isDragging: false draggedBlock: null
 ModalBlockEditor: Mouse move, isDragging: false draggedBlock: null
 ModalBlockEditor: Mouse up, isDragging: false draggedBlock: null mergeTarget: null
 ModalBlockEditor: Mouse move, isDragging: false draggedBlock: null
 ModalBlockEditor: Mouse move, isDragging: false draggedBlock: null
 ModalBlockEditor: Mouse move, isDragging: false draggedBlock: null
 ModalBlockEditor: Mouse move, isDragging: false draggedBlock: null
 ModalBlockEditor: Mouse move, isDragging: false draggedBlock: null
 ModalBlockEditor: Mouse move, isDragging: false draggedBlock: null
 ModalBlockEditor: Mouse move, isDragging: false draggedBlock: null
 ModalBlockEditor: Mouse move, isDragging: false draggedBlock: null
 ModalBlockEditor: Mouse move, isDragging: false draggedBlock: null
 🎵 Файл выбран для instrumental: Linkin Park - Breaking the Habit.flac
 ModalBlockEditor: Mouse move, isDragging: false draggedBlock: null
 ModalBlockEditor: Mouse move, isDragging: false draggedBlock: null
 ModalBlockEditor: Mouse move, isDragging: false draggedBlock: null
 ModalBlockEditor: Mouse move, isDragging: false draggedBlock: null
 ModalBlockEditor: Mouse move, isDragging: false draggedBlock: null
 ModalBlockEditor: Mouse up, isDragging: false draggedBlock: null mergeTarget: null
 ModalBlockEditor: Mouse move, isDragging: false draggedBlock: null
 ModalBlockEditor: Mouse move, isDragging: false draggedBlock: null
 ModalBlockEditor: Mouse move, isDragging: false draggedBlock: null
 ModalBlockEditor: Mouse move, isDragging: false draggedBlock: null
 🎵 Файл выбран для vocal: Linkin Park - Breaking the Habit_vocals_.mp3
 ModalBlockEditor: Mouse move, isDragging: false draggedBlock: null
 ModalBlockEditor: Mouse move, isDragging: false draggedBlock: null
 ModalBlockEditor: Mouse move, isDragging: false draggedBlock: null
 ModalBlockEditor: Mouse move, isDragging: false draggedBlock: null
 ModalBlockEditor: Mouse move, isDragging: false draggedBlock: null
 ModalBlockEditor: Mouse move, isDragging: false draggedBlock: null
 ModalBlockEditor: Mouse up, isDragging: false draggedBlock: null mergeTarget: null
 ModalBlockEditor: Mouse move, isDragging: false draggedBlock: null
 🎵 Файл выбран для lyrics: Linkin Park - Breaking the Habit.rtf
 CatalogV2: Обнаружен RTF файл для лирики. Парсинг...
 RtfParserAdapter: Инициализация (динамическая детекция в момент parse)
 RtfParserAdapter: Используем SimpleRtf
 ModalBlockEditor: Mouse move, isDragging: false draggedBlock: null
 ModalBlockEditor: Mouse move, isDragging: false draggedBlock: null
 ModalBlockEditor: Mouse move, isDragging: false draggedBlock: null
 ModalBlockEditor: Mouse move, isDragging: false draggedBlock: null
 ModalBlockEditor: Mouse move, isDragging: false draggedBlock: null
 ModalBlockEditor: Mouse move, isDragging: false draggedBlock: null
 ModalBlockEditor: Mouse move, isDragging: false draggedBlock: null
 ModalBlockEditor: Mouse move, isDragging: false draggedBlock: null
 ModalBlockEditor: Mouse move, isDragging: false draggedBlock: null
 ModalBlockEditor: Mouse move, isDragging: false draggedBlock: null
 ModalBlockEditor: Mouse move, isDragging: false draggedBlock: null
 ModalBlockEditor: Mouse move, isDragging: false draggedBlock: null
 ModalBlockEditor: Mouse up, isDragging: false draggedBlock: null mergeTarget: null
 💾 CatalogV2: Сохранение трека...
 🔧 CatalogV2: Обработка файлов...
 ✅ CatalogV2: Вокал прочитан
 ✅ CatalogV2: Текст прочитан
 ✅ CatalogV2: Инструментал прочитан
 📝 CatalogV2: Данные трека готовы: Linkin Park - Breaking the Habit
 🔄 CatalogV2: Сохранение в IndexedDB...
 ModalBlockEditor: Mouse move, isDragging: false draggedBlock: null
 Track request successful, ID: 1763458950792
 Transaction completed successfully for track: Linkin Park - Breaking the Habit
 ✅ CatalogV2: Трек сохранен в IndexedDB с ID: 1763458950792
 ✅ CatalogV2: Трек добавлен в локальный массив
 RTF Integration: Загрузка текста, длина: 1313
 [SETACTIVE] Called with index 0. Current style: rehearsal
 Rehearsal mode: Setting active line 0
 Activating rehearsal line at index 0
 🔧 Block "Block 1": original=[0,1,2,3], sorted=[0,1,2,3]
 🔧 Block "Block 2": original=[5,6,7,8], sorted=[5,6,7,8]
 🔧 Block "Block 3": original=[10,11,12,13,14,15,16,17], sorted=[10,11,12,13,14,15,16,17]
 🔧 Block "Block 4": original=[19,20,21,22], sorted=[19,20,21,22]
 🔧 Block "Block 5": original=[24,25,26,27], sorted=[24,25,26,27]
 🔧 Block "Block 6": original=[29,30,31,32,33,34,35,36], sorted=[29,30,31,32,33,34,35,36]
 🔧 Block "Block 7": original=[38,39,40,41], sorted=[38,39,40,41]
 🔧 Block "Block 8": original=[43,44,45,46,47,48,49,50,51], sorted=[43,44,45,46,47,48,49,50,51]
 Splitting block "Block 8" (9 lines) into 2 parts with ~5 lines each
   Part 1: lines 0-4 (5 lines)
   Part 2: lines 5-8 (4 lines)
 📡 BLOCK CHANGE EVENT received
    Current loop block: None
    New active block: Block 1 (ID: block-1763458798765-0-tqi7xv82kdh)
    Loop is active: false
    Seeking in progress: false
 🔄 DIFFERENT BLOCK DETECTED: Proceeding with block change logic
    Was looping: false
 ℹ️ NO LOOP TO STOP: Loop was not active
 🔧 CREATING LOOP BUTTON: For new active block
 BlockLoopControl: _createLoopButtonForCurrentBlock called
 BlockLoopControl: lyricsDisplay.currentActiveBlock: Object
 BlockLoopControl: lyricsDisplay.textBlocks: Array(8)
 reset: Установлена активная строка 0 (есть маркеры)
 RTF Integration: Обработка текста, длина: 1313
 Processing lyrics, text length: 1313
 Определен тип текста: RTF: false, LRC: false, Unicode: false
 Применяем стандартную обработку текста
 Original text length: 1313
 Text processing: BOM detected: false RTF detected: false
 Performing standard text cleaning for non-RTF text
 Количество русских букв: 0, английских: 993
 Количество русских ключевых слов: 0, английских: 34
 Определен язык текста: english
 Образец текста: Memories consume like opening the wound
I'm picking me apart again
You all assume I'm safe here in m...
 Всего сырых строк: 52
 Финальный результат обработки: 45 строк
 Первые строки: "Memories consume like opening the wound", "I'm picking me apart again", "You all assume I'm safe here in my room"
 ✅ CatalogV2: Лирика загружена в LyricsDisplay перед обработкой маркеров.
 🔄 CatalogV2: Переключен на режим search
 ✅ CatalogV2: Трек добавлен в результаты поиска
 🔔 CatalogV2: ✅ Трек "Linkin Park - Breaking the Habit" успешно сохранен!
 🔔 CatalogV2: ✅ Трек "Linkin Park - Breaking the Habit" успешно сохранен!
 🧹 Очистка ячеек загрузки...
 ✅ Ячейки загрузки очищены.
 🔄 Upload session сброшена
 🎯 CatalogV2: Открываем редактор блоков для обработки трека
 Rendering lyrics. Current style ID: rehearsal
 🔧 Block "Block 1": original=[0,1,2,3], sorted=[0,1,2,3]
 🔧 Block "Block 2": original=[5,6,7,8], sorted=[5,6,7,8]
 🔧 Block "Block 3": original=[10,11,12,13,14,15,16,17], sorted=[10,11,12,13,14,15,16,17]
 🔧 Block "Block 4": original=[19,20,21,22], sorted=[19,20,21,22]
 🔧 Block "Block 5": original=[24,25,26,27], sorted=[24,25,26,27]
 🔧 Block "Block 6": original=[29,30,31,32,33,34,35,36], sorted=[29,30,31,32,33,34,35,36]
 🔧 Block "Block 7": original=[38,39,40,41], sorted=[38,39,40,41]
 🔧 Block "Block 8": original=[43,44], sorted=[43,44]
 Rehearsal: Current line: 0, Total blocks: 8
 Rehearsal: DETAILED Block structure:
   Block 0 (block-1763458798765-0-tqi7xv82kdh): name="Block 1", lines=[0,1,2,3]
     Content preview: "Memories consume like opening the wound
I'm picking me apart again
You all assume I'm safe here in m"
       Line 0: "Memories consume like opening the wound"
       Line 1: "I'm picking me apart again"
       Line 2: "You all assume I'm safe here in my room"
       Line 3: "Unless I try to start again"
   Block 1 (block-1763458798765-1-bvpu8nqrz): name="Block 2", lines=[5,6,7,8]
     Content preview: "the battles always choose
'Cause inside, I realize
that I'm the one confused"
       Line 5: "the battles always choose"
       Line 6: "'Cause inside, I realize"
       Line 7: "that I'm the one confused"
       Line 8: "I don't know what's worth fighting for"
   Block 2 (block-1763458798765-2-xibvt4pg9mc): name="Block 3", lines=[10,11,12,13,14,15,16,17]
     Content preview: "I don't know why I instigate
and say what I don't mean
I don't know how I got this way,"
       Line 10: "I don't know why I instigate"
       Line 11: "and say what I don't mean"
       Line 12: "I don't know how I got this way,"
       Line 13: "I know it's not alright"
       Line 14: "So I'm breaking the habit"
       Line 15: "I'm breaking the habit tonight"
       Line 16: "Clutching my cure, I tightly lock the door"
       Line 17: "I try to catch my breath again"
   Block 3 (block-1763458798765-3-mresz85hch): name="Block 4", lines=[19,20,21,22]
     Content preview: "I had no options left again
I don't want to be the one
the battles always choose"
       Line 19: "I had no options left again"
       Line 20: "I don't want to be the one"
       Line 21: "the battles always choose"
       Line 22: "'Cause inside, I realize"
   Block 4 (block-1763458798765-4-aq79xbkgumj): name="Block 5", lines=[24,25,26,27]
     Content preview: "I don't know what's worth fighting for
or why I have to scream
I don't know why I instigate"
       Line 24: "I don't know what's worth fighting for"
       Line 25: "or why I have to scream"
       Line 26: "I don't know why I instigate"
       Line 27: "and say what I don't mean"
   Block 5 (block-1763458798765-5-fynbatn6n6t): name="Block 6", lines=[29,30,31,32,33,34,35,36]
     Content preview: "I'll never be alright
So I'm breaking the habit
I'm breaking the habit tonight"
       Line 29: "I'll never be alright"
       Line 30: "So I'm breaking the habit"
       Line 31: "I'm breaking the habit tonight"
       Line 32: "I'll paint it on the walls"
       Line 33: "'Cause I'm the one at fault"
       Line 34: "I'll never fight again"
       Line 35: "And this is how it ends"
       Line 36: "I don't know what's worth fighting for"
   Block 6 (block-1763458798765-6-wludt7nw7u): name="Block 7", lines=[38,39,40,41]
     Content preview: "But now I have some clarity
to show you what I mean
I don't know how I got this way,"
       Line 38: "But now I have some clarity"
       Line 39: "to show you what I mean"
       Line 40: "I don't know how I got this way,"
       Line 41: "I'll never be alright"
   Block 7 (block-1763458798765-7-svp3mjengk): name="Block 8", lines=[43,44]
     Content preview: "I'm breaking the habit
I'm breaking the habit tonight"
       Line 43: "I'm breaking the habit"
       Line 44: "I'm breaking the habit tonight"
 Rehearsal: Looking for block containing line 0
   Checking block 0: lineIndices=[0,1,2,3]
   ✓ Found! Block 0 contains line 0
 Rehearsal: Found active block at index 0 with lines: Array(4)
 Rehearsal: Active block 0: Object
 >>> FONT_CALC_DEBUG >>> Lines: 4, FontSize: 2.66rem, LineHeight: 3.23rem
 Rehearsal: Activated line 0 in block with transition: none
 Rehearsal: Next block preview for block 1: Object
 Rehearsal: Preview lines: Array(2)
 Rehearsal: Adding preview line 5: "the battles always choose"
 Rehearsal: Adding preview line 6: "'Cause inside, I realize"
 Rehearsal: Preview container added with 2 lines
 Rehearsal mode: Rendered active block 0 with next block preview
 BlockLoopControl: Обновление для текущего блока
 BlockLoopControl: Блок изменился, останавливаем зацикливание
 BlockLoopControl: Текущий блок лупа: undefined
 BlockLoopControl: Новый активный блок: Block 1
 BlockLoopControl: _createLoopButtonForCurrentBlock called
 BlockLoopControl: lyricsDisplay.currentActiveBlock: Object
 BlockLoopControl: lyricsDisplay.textBlocks: Array(8)
 BlockLoopControl: _createLoopButtonForCurrentBlock called
 BlockLoopControl: lyricsDisplay.currentActiveBlock: Object
 BlockLoopControl: lyricsDisplay.textBlocks: Array(8)
 BlockLoopControl: _createLoopButtonForCurrentBlock called
 BlockLoopControl: lyricsDisplay.currentActiveBlock: Object
 BlockLoopControl: lyricsDisplay.textBlocks: Array(8)
 BlockLoopControl: _createLoopButtonForCurrentBlock called
 BlockLoopControl: lyricsDisplay.currentActiveBlock: Object
 BlockLoopControl: lyricsDisplay.textBlocks: Array(8)
 RTF Integration: Текст успешно загружен и отображен
 Rehearsal: Line changing from 0 to 2
 🔧 Block "Block 1": original=[0,1,2,3], sorted=[0,1,2,3]
 🔧 Block "Block 2": original=[5,6,7,8], sorted=[5,6,7,8]
 🔧 Block "Block 3": original=[10,11,12,13,14,15,16,17], sorted=[10,11,12,13,14,15,16,17]
 🔧 Block "Block 4": original=[19,20,21,22], sorted=[19,20,21,22]
 🔧 Block "Block 5": original=[24,25,26,27], sorted=[24,25,26,27]
 🔧 Block "Block 6": original=[29,30,31,32,33,34,35,36], sorted=[29,30,31,32,33,34,35,36]
 🔧 Block "Block 7": original=[38,39,40,41], sorted=[38,39,40,41]
 🔧 Block "Block 8": original=[43,44,45,46,47,48,49,50,51], sorted=[43,44,45,46,47,48,49,50,51]
 Splitting block "Block 8" (9 lines) into 2 parts with ~5 lines each
   Part 1: lines 0-4 (5 lines)
   Part 2: lines 5-8 (4 lines)
 Rehearsal: Current line 0 belongs to block: block-1763458798765-0-tqi7xv82kdh Array(4)
 Rehearsal: New line 2 belongs to block: block-1763458798765-0-tqi7xv82kdh Array(4)
 Rehearsal: Same block (block-1763458798765-0-tqi7xv82kdh), updating active line from 0 to 2
 [SETACTIVE] Called with index 2. Current style: rehearsal
 Rehearsal mode: Setting active line 2
 Activating rehearsal line at index 2
 🔧 Block "Block 1": original=[0,1,2,3], sorted=[0,1,2,3]
 🔧 Block "Block 2": original=[5,6,7,8], sorted=[5,6,7,8]
 🔧 Block "Block 3": original=[10,11,12,13,14,15,16,17], sorted=[10,11,12,13,14,15,16,17]
 🔧 Block "Block 4": original=[19,20,21,22], sorted=[19,20,21,22]
 🔧 Block "Block 5": original=[24,25,26,27], sorted=[24,25,26,27]
 🔧 Block "Block 6": original=[29,30,31,32,33,34,35,36], sorted=[29,30,31,32,33,34,35,36]
 🔧 Block "Block 7": original=[38,39,40,41], sorted=[38,39,40,41]
 🔧 Block "Block 8": original=[43,44,45,46,47,48,49,50,51], sorted=[43,44,45,46,47,48,49,50,51]
 Splitting block "Block 8" (9 lines) into 2 parts with ~5 lines each
   Part 1: lines 0-4 (5 lines)
   Part 2: lines 5-8 (4 lines)
 📡 BLOCK CHANGE EVENT received
    Current loop block: None
    New active block: Block 1 (ID: block-1763458798765-0-tqi7xv82kdh)
    Loop is active: false
    Seeking in progress: false
 🔄 DIFFERENT BLOCK DETECTED: Proceeding with block change logic
    Was looping: false
 ℹ️ NO LOOP TO STOP: Loop was not active
 🔧 CREATING LOOP BUTTON: For new active block
 BlockLoopControl: _createLoopButtonForCurrentBlock called
 BlockLoopControl: lyricsDisplay.currentActiveBlock: Object
 BlockLoopControl: lyricsDisplay.textBlocks: Array(8)
 🎯 CatalogV2: Подготовка редактора блоков для трека: Linkin Park - Breaking the Habit
 🔄 CatalogV2: Overlay закрыт
 🔄 CatalogV2: Загружаем трек в приложение...
 🔄 CatalogV2: Принудительно перезагружаем треки из IndexedDB для получения актуальных блоков...
 🔍 CatalogV2: Найден трек "Linkin Park - Breaking the Habit": Object
 🔄 CatalogV2: Загружаем трек с индексом 11
 BlockLoopControl: Деактивирован
 🛡️ AUTO RECOVERY: System stopped
 [DragBoundary] Деактивация
 [DragBoundary] Деактивирован
 BlockLoopControl: Кнопка удалена, drag boundaries остаются активными
 LyricsDisplay.clearAllTextBlocks called
clearAllTextBlocks @ lyrics-display.js:2682
loadTrack @ track-catalog.js:1380
loadTrackIntoApp @ catalog-v2.js?v=2.0:1421
 All text blocks cleared.
 Defined Blocks UI needs to be updated. Current blocks: Array(0)
 💥 LyricsDisplay: Performing full reset.
 ✅ LyricsDisplay: Full reset complete. All lyric data and DOM elements cleared.
 🔄 Loading track: "Linkin Park - Breaking the Habit"
 🔄 StateManager: Starting HARD RESET of all components
 1. Resetting AudioEngine...
 AudioEngine: Starting reset...
 isPlaying property set to: false
 ⏹️ ГИБРИД: Остановлен и сброшен
 🧹 СПРИНТЕР: Ресурсы очищены
 AudioEngine: Reset completed successfully
 ✅ AudioEngine reset complete
 2. Resetting LyricsDisplay...
 💥 LyricsDisplay: Performing full reset.
 ✅ LyricsDisplay: Full reset complete. All lyric data and DOM elements cleared.
 ✅ LyricsDisplay full reset complete
 3. Resetting TextStyleManager...
 💥 TextStyleManager: Full reset initiated.
 ✅ TextStyleManager: Reset complete. All states and caches cleared.
 ✅ TextStyleManager reset complete.
 4. Cleaning up Transport Controls...
 🧹 Transport toggle очищен
 ✅ Transport Controls cleanup complete
 🎉 StateManager: HARD RESET completed successfully
 ✅ All components ready for new track
 ⏱️ HARD_RESET_TIME: 19.952880859375 ms
 TrackCatalog: Set waveformEditor.lastLoadedFile to Linkin Park - Breaking the Habit.rtf
 TrackCatalog: Set waveformEditor.currentTrackId to 1763458950792
 TrackCatalog: No blocks found for "Linkin Park - Breaking the Habit". Preparing text for processing.
 Принудительная перезагрузка текста песни без рендеринга
 [SETACTIVE] Called with index 0. Current style: default
 reset: Установлена активная строка 0 (есть маркеры)
 RTF Integration: Загрузка текста, длина: 1313
 [SETACTIVE] Called with index 0. Current style: default
 reset: Установлена активная строка 0 (есть маркеры)
 RTF Integration: Обработка текста, длина: 1313
 Processing lyrics, text length: 1313
 Определен тип текста: RTF: false, LRC: false, Unicode: false
 Применяем стандартную обработку текста
 Original text length: 1313
 Text processing: BOM detected: false RTF detected: false
 Performing standard text cleaning for non-RTF text
 Количество русских букв: 0, английских: 993
 Количество русских ключевых слов: 0, английских: 34
 Определен язык текста: english
 Образец текста: Memories consume like opening the wound
I'm picking me apart again
You all assume I'm safe here in m...
 Всего сырых строк: 52
 Финальный результат обработки: 45 строк
 Первые строки: "Memories consume like opening the wound", "I'm picking me apart again", "You all assume I'm safe here in my room"
 LyricsDisplay: Setting style to По умолчанию
 Rendering lyrics. Current style ID: default
 Rendering standard line [0]: 'Memories consume like opening the wound'
 Rendering standard line [1]: 'I'm picking me apart again'
 Rendering standard line [2]: 'You all assume I'm safe here in my room'
 Rendering standard line [3]: 'Unless I try to start again'
 Rendering standard line [4]: 'I don't want to be the one'
 Rendering standard line [5]: 'the battles always choose'
 Rendering standard line [6]: ''Cause inside, I realize'
 Rendering standard line [7]: 'that I'm the one confused'
 Rendering standard line [8]: 'I don't know what's worth fighting for'
 Rendering standard line [9]: 'or why I have to scream'
 Rendering standard line [10]: 'I don't know why I instigate'
 Rendering standard line [11]: 'and say what I don't mean'
 Rendering standard line [12]: 'I don't know how I got this way,'
 Rendering standard line [13]: 'I know it's not alright'
 Rendering standard line [14]: 'So I'm breaking the habit'
 Rendering standard line [15]: 'I'm breaking the habit tonight'
 Rendering standard line [16]: 'Clutching my cure, I tightly lock the door'
 Rendering standard line [17]: 'I try to catch my breath again'
 Rendering standard line [18]: 'I hurt much more than anytime before'
 Rendering standard line [19]: 'I had no options left again'
 Rendering standard line [20]: 'I don't want to be the one'
 Rendering standard line [21]: 'the battles always choose'
 Rendering standard line [22]: ''Cause inside, I realize'
 Rendering standard line [23]: 'that I'm the one confused'
 Rendering standard line [24]: 'I don't know what's worth fighting for'
 Rendering standard line [25]: 'or why I have to scream'
 Rendering standard line [26]: 'I don't know why I instigate'
 Rendering standard line [27]: 'and say what I don't mean'
 Rendering standard line [28]: 'I don't know how I got this way,'
 Rendering standard line [29]: 'I'll never be alright'
 Rendering standard line [30]: 'So I'm breaking the habit'
 Rendering standard line [31]: 'I'm breaking the habit tonight'
 Rendering standard line [32]: 'I'll paint it on the walls'
 Rendering standard line [33]: ''Cause I'm the one at fault'
 Rendering standard line [34]: 'I'll never fight again'
 Rendering standard line [35]: 'And this is how it ends'
 Rendering standard line [36]: 'I don't know what's worth fighting for'
 Rendering standard line [37]: 'or why I have to scream'
 Rendering standard line [38]: 'But now I have some clarity'
 Rendering standard line [39]: 'to show you what I mean'
 Rendering standard line [40]: 'I don't know how I got this way,'
 Rendering standard line [41]: 'I'll never be alright'
 Rendering standard line [42]: 'So I'm breaking the habit'
 Rendering standard line [43]: 'I'm breaking the habit'
 Rendering standard line [44]: 'I'm breaking the habit tonight'
 ⏱️ LYRICS_PREPARE_TIME: 16.5048828125 ms
 ⏱️ BLOB_CREATION_TIME: 161.333984375 ms
 🚀 ГИБРИД: Загрузка двойного потока
 isPlaying property set to: false
 ⏹️ ГИБРИД: Остановлен и сброшен
 Rendering lyrics. Current style ID: default
 Rendering standard line [0]: 'Memories consume like opening the wound'
 Rendering standard line [1]: 'I'm picking me apart again'
 Rendering standard line [2]: 'You all assume I'm safe here in my room'
 Rendering standard line [3]: 'Unless I try to start again'
 Rendering standard line [4]: 'I don't want to be the one'
 Rendering standard line [5]: 'the battles always choose'
 Rendering standard line [6]: ''Cause inside, I realize'
 Rendering standard line [7]: 'that I'm the one confused'
 Rendering standard line [8]: 'I don't know what's worth fighting for'
 Rendering standard line [9]: 'or why I have to scream'
 Rendering standard line [10]: 'I don't know why I instigate'
 Rendering standard line [11]: 'and say what I don't mean'
 Rendering standard line [12]: 'I don't know how I got this way,'
 Rendering standard line [13]: 'I know it's not alright'
 Rendering standard line [14]: 'So I'm breaking the habit'
 Rendering standard line [15]: 'I'm breaking the habit tonight'
 Rendering standard line [16]: 'Clutching my cure, I tightly lock the door'
 Rendering standard line [17]: 'I try to catch my breath again'
 Rendering standard line [18]: 'I hurt much more than anytime before'
 Rendering standard line [19]: 'I had no options left again'
 Rendering standard line [20]: 'I don't want to be the one'
 Rendering standard line [21]: 'the battles always choose'
 Rendering standard line [22]: ''Cause inside, I realize'
 Rendering standard line [23]: 'that I'm the one confused'
 Rendering standard line [24]: 'I don't know what's worth fighting for'
 Rendering standard line [25]: 'or why I have to scream'
 Rendering standard line [26]: 'I don't know why I instigate'
 Rendering standard line [27]: 'and say what I don't mean'
 Rendering standard line [28]: 'I don't know how I got this way,'
 Rendering standard line [29]: 'I'll never be alright'
 Rendering standard line [30]: 'So I'm breaking the habit'
 Rendering standard line [31]: 'I'm breaking the habit tonight'
 Rendering standard line [32]: 'I'll paint it on the walls'
 Rendering standard line [33]: ''Cause I'm the one at fault'
 Rendering standard line [34]: 'I'll never fight again'
 Rendering standard line [35]: 'And this is how it ends'
 Rendering standard line [36]: 'I don't know what's worth fighting for'
 Rendering standard line [37]: 'or why I have to scream'
 Rendering standard line [38]: 'But now I have some clarity'
 Rendering standard line [39]: 'to show you what I mean'
 Rendering standard line [40]: 'I don't know how I got this way,'
 Rendering standard line [41]: 'I'll never be alright'
 Rendering standard line [42]: 'So I'm breaking the habit'
 Rendering standard line [43]: 'I'm breaking the habit'
 Rendering standard line [44]: 'I'm breaking the habit tonight'
 RTF Integration: Текст успешно загружен и отображен
blob:http://localhost:5173/797a11e3-2f91-4d44-bf3e-57cf073593af:1  Failed to load resource: net::ERR_FILE_NOT_FOUND
 ✅ ИНСТРУМЕНТАЛ ГОТОВ! Длительность: 196.11с
 ⏱️ HYBRID_ENGINE_LOAD_TIME: 165.40087890625 ms
 🎯 ГИБРИД: Рассинхронизация устранена!
 ExportUI: already initialized
tryInitExportUI @ app.js:2980
 [tryInitExporter] Начало инициализации. app.audioEngine: AudioEngine app.audioEngine?.audioContext: AudioContext
 [tryInitExporter] Все зависимости готовы, попытка инициализации AudioExporter.
 ExportUI: AudioExporter зарегистрирован. AudioExporter
 ExportUI linked to AudioExporter
 🚀 Скрываю Живую Ленту
 ✅ Возврат в классический зал
 Applying style: Репетиция with scale 1.00
 LyricsDisplay: Setting style to Репетиция
 Activating Rehearsal Display with blocks: Array(0)
 Rendering lyrics. Current style ID: rehearsal
 Rendering standard line [0]: 'Memories consume like opening the wound'
 Rendering standard line [1]: 'I'm picking me apart again'
 Rendering standard line [2]: 'You all assume I'm safe here in my room'
 Rendering standard line [3]: 'Unless I try to start again'
 Rendering standard line [4]: 'I don't want to be the one'
 Rendering standard line [5]: 'the battles always choose'
 Rendering standard line [6]: ''Cause inside, I realize'
 Rendering standard line [7]: 'that I'm the one confused'
 Rendering standard line [8]: 'I don't know what's worth fighting for'
 Rendering standard line [9]: 'or why I have to scream'
 Rendering standard line [10]: 'I don't know why I instigate'
 Rendering standard line [11]: 'and say what I don't mean'
 Rendering standard line [12]: 'I don't know how I got this way,'
 Rendering standard line [13]: 'I know it's not alright'
 Rendering standard line [14]: 'So I'm breaking the habit'
 Rendering standard line [15]: 'I'm breaking the habit tonight'
 Rendering standard line [16]: 'Clutching my cure, I tightly lock the door'
 Rendering standard line [17]: 'I try to catch my breath again'
 Rendering standard line [18]: 'I hurt much more than anytime before'
 Rendering standard line [19]: 'I had no options left again'
 Rendering standard line [20]: 'I don't want to be the one'
 Rendering standard line [21]: 'the battles always choose'
 Rendering standard line [22]: ''Cause inside, I realize'
 Rendering standard line [23]: 'that I'm the one confused'
 Rendering standard line [24]: 'I don't know what's worth fighting for'
 Rendering standard line [25]: 'or why I have to scream'
 Rendering standard line [26]: 'I don't know why I instigate'
 Rendering standard line [27]: 'and say what I don't mean'
 Rendering standard line [28]: 'I don't know how I got this way,'
 Rendering standard line [29]: 'I'll never be alright'
 Rendering standard line [30]: 'So I'm breaking the habit'
 Rendering standard line [31]: 'I'm breaking the habit tonight'
 Rendering standard line [32]: 'I'll paint it on the walls'
 Rendering standard line [33]: ''Cause I'm the one at fault'
 Rendering standard line [34]: 'I'll never fight again'
 Rendering standard line [35]: 'And this is how it ends'
 Rendering standard line [36]: 'I don't know what's worth fighting for'
 Rendering standard line [37]: 'or why I have to scream'
 Rendering standard line [38]: 'But now I have some clarity'
 Rendering standard line [39]: 'to show you what I mean'
 Rendering standard line [40]: 'I don't know how I got this way,'
 Rendering standard line [41]: 'I'll never be alright'
 Rendering standard line [42]: 'So I'm breaking the habit'
 Rendering standard line [43]: 'I'm breaking the habit'
 Rendering standard line [44]: 'I'm breaking the habit tonight'
 BlockLoopControl: Активирован
 BlockLoopControl: _createLoopButtonForCurrentBlock called
 BlockLoopControl: lyricsDisplay.currentActiveBlock: Object
 BlockLoopControl: lyricsDisplay.textBlocks: Array(0)
 BlockLoopControl: Создаем кнопку для активного блока репетиции: Block 1
 BlockLoopControl: _createLoopButton called for block: Block 1
 BlockLoopControl: Кнопка удалена, drag boundaries остаются активными
 BlockLoopControl: blockElement found: false
 BlockLoopControl: DOM element for block not found
 🛡️ AUTO RECOVERY: System started (checking every 2s)
 BlockLoopControl: _createLoopButtonForCurrentBlock called
 BlockLoopControl: lyricsDisplay.currentActiveBlock: Object
 BlockLoopControl: lyricsDisplay.textBlocks: Array(0)
 BlockLoopControl: Создаем кнопку для активного блока репетиции: Block 1
 BlockLoopControl: _createLoopButton called for block: Block 1
 BlockLoopControl: Кнопка удалена, drag boundaries остаются активными
 BlockLoopControl: blockElement found: false
 BlockLoopControl: DOM element for block not found
 Activating Rehearsal Display with blocks: Array(0)
 Rendering lyrics. Current style ID: rehearsal
 Rendering standard line [0]: 'Memories consume like opening the wound'
 Rendering standard line [1]: 'I'm picking me apart again'
 Rendering standard line [2]: 'You all assume I'm safe here in my room'
 Rendering standard line [3]: 'Unless I try to start again'
 Rendering standard line [4]: 'I don't want to be the one'
 Rendering standard line [5]: 'the battles always choose'
 Rendering standard line [6]: ''Cause inside, I realize'
 Rendering standard line [7]: 'that I'm the one confused'
 Rendering standard line [8]: 'I don't know what's worth fighting for'
 Rendering standard line [9]: 'or why I have to scream'
 Rendering standard line [10]: 'I don't know why I instigate'
 Rendering standard line [11]: 'and say what I don't mean'
 Rendering standard line [12]: 'I don't know how I got this way,'
 Rendering standard line [13]: 'I know it's not alright'
 Rendering standard line [14]: 'So I'm breaking the habit'
 Rendering standard line [15]: 'I'm breaking the habit tonight'
 Rendering standard line [16]: 'Clutching my cure, I tightly lock the door'
 Rendering standard line [17]: 'I try to catch my breath again'
 Rendering standard line [18]: 'I hurt much more than anytime before'
 Rendering standard line [19]: 'I had no options left again'
 Rendering standard line [20]: 'I don't want to be the one'
 Rendering standard line [21]: 'the battles always choose'
 Rendering standard line [22]: ''Cause inside, I realize'
 Rendering standard line [23]: 'that I'm the one confused'
 Rendering standard line [24]: 'I don't know what's worth fighting for'
 Rendering standard line [25]: 'or why I have to scream'
 Rendering standard line [26]: 'I don't know why I instigate'
 Rendering standard line [27]: 'and say what I don't mean'
 Rendering standard line [28]: 'I don't know how I got this way,'
 Rendering standard line [29]: 'I'll never be alright'
 Rendering standard line [30]: 'So I'm breaking the habit'
 Rendering standard line [31]: 'I'm breaking the habit tonight'
 Rendering standard line [32]: 'I'll paint it on the walls'
 Rendering standard line [33]: ''Cause I'm the one at fault'
 Rendering standard line [34]: 'I'll never fight again'
 Rendering standard line [35]: 'And this is how it ends'
 Rendering standard line [36]: 'I don't know what's worth fighting for'
 Rendering standard line [37]: 'or why I have to scream'
 Rendering standard line [38]: 'But now I have some clarity'
 Rendering standard line [39]: 'to show you what I mean'
 Rendering standard line [40]: 'I don't know how I got this way,'
 Rendering standard line [41]: 'I'll never be alright'
 Rendering standard line [42]: 'So I'm breaking the habit'
 Rendering standard line [43]: 'I'm breaking the habit'
 Rendering standard line [44]: 'I'm breaking the habit tonight'
 🔄 Track loaded, reinitializing transport controls
 🎛️ Transport toggle инициализирован
 ExportUI: _updateVisibility вызван.
 ExportUI: _updateVisibility - isRehearsalMode: true bpmControls: 
 ExportUI: Кнопка экспорта - display: block
 ExportUI: BPM Controls - display: flex
 ⏱️ AUDIO_LOAD_TIME: 295.695068359375 ms
 No markers available for track Linkin Park - Breaking the Habit
 Sync Editor: Stored original style "rehearsal" and scale 1. Applying "default" editor style and 0.8 scale.
 Applying style: Стандартный with scale 0.80
 TextStyleManager: Scaled font size from 1.8em to 1.44em
 Deactivating Rehearsal Display
 LyricsDisplay: Setting style to Стандартный
 Rendering lyrics. Current style ID: default
 Rendering standard line [0]: 'Memories consume like opening the wound'
 Rendering standard line [1]: 'I'm picking me apart again'
 Rendering standard line [2]: 'You all assume I'm safe here in my room'
 Rendering standard line [3]: 'Unless I try to start again'
 Rendering standard line [4]: 'I don't want to be the one'
 Rendering standard line [5]: 'the battles always choose'
 Rendering standard line [6]: ''Cause inside, I realize'
 Rendering standard line [7]: 'that I'm the one confused'
 Rendering standard line [8]: 'I don't know what's worth fighting for'
 Rendering standard line [9]: 'or why I have to scream'
 Rendering standard line [10]: 'I don't know why I instigate'
 Rendering standard line [11]: 'and say what I don't mean'
 Rendering standard line [12]: 'I don't know how I got this way,'
 Rendering standard line [13]: 'I know it's not alright'
 Rendering standard line [14]: 'So I'm breaking the habit'
 Rendering standard line [15]: 'I'm breaking the habit tonight'
 Rendering standard line [16]: 'Clutching my cure, I tightly lock the door'
 Rendering standard line [17]: 'I try to catch my breath again'
 Rendering standard line [18]: 'I hurt much more than anytime before'
 Rendering standard line [19]: 'I had no options left again'
 Rendering standard line [20]: 'I don't want to be the one'
 Rendering standard line [21]: 'the battles always choose'
 Rendering standard line [22]: ''Cause inside, I realize'
 Rendering standard line [23]: 'that I'm the one confused'
 Rendering standard line [24]: 'I don't know what's worth fighting for'
 Rendering standard line [25]: 'or why I have to scream'
 Rendering standard line [26]: 'I don't know why I instigate'
 Rendering standard line [27]: 'and say what I don't mean'
 Rendering standard line [28]: 'I don't know how I got this way,'
 Rendering standard line [29]: 'I'll never be alright'
 Rendering standard line [30]: 'So I'm breaking the habit'
 Rendering standard line [31]: 'I'm breaking the habit tonight'
 Rendering standard line [32]: 'I'll paint it on the walls'
 Rendering standard line [33]: ''Cause I'm the one at fault'
 Rendering standard line [34]: 'I'll never fight again'
 Rendering standard line [35]: 'And this is how it ends'
 Rendering standard line [36]: 'I don't know what's worth fighting for'
 Rendering standard line [37]: 'or why I have to scream'
 Rendering standard line [38]: 'But now I have some clarity'
 Rendering standard line [39]: 'to show you what I mean'
 Rendering standard line [40]: 'I don't know how I got this way,'
 Rendering standard line [41]: 'I'll never be alright'
 Rendering standard line [42]: 'So I'm breaking the habit'
 Rendering standard line [43]: 'I'm breaking the habit'
 Rendering standard line [44]: 'I'm breaking the habit tonight'
 TextStyleManager: Font scale for default set to 0.80
 Applying style: Стандартный with scale 0.80
 TextStyleManager: Scaled font size from 1.8em to 1.44em
 LyricsDisplay: Setting style to Стандартный
 Rendering lyrics. Current style ID: default
 Rendering standard line [0]: 'Memories consume like opening the wound'
 Rendering standard line [1]: 'I'm picking me apart again'
 Rendering standard line [2]: 'You all assume I'm safe here in my room'
 Rendering standard line [3]: 'Unless I try to start again'
 Rendering standard line [4]: 'I don't want to be the one'
 Rendering standard line [5]: 'the battles always choose'
 Rendering standard line [6]: ''Cause inside, I realize'
 Rendering standard line [7]: 'that I'm the one confused'
 Rendering standard line [8]: 'I don't know what's worth fighting for'
 Rendering standard line [9]: 'or why I have to scream'
 Rendering standard line [10]: 'I don't know why I instigate'
 Rendering standard line [11]: 'and say what I don't mean'
 Rendering standard line [12]: 'I don't know how I got this way,'
 Rendering standard line [13]: 'I know it's not alright'
 Rendering standard line [14]: 'So I'm breaking the habit'
 Rendering standard line [15]: 'I'm breaking the habit tonight'
 Rendering standard line [16]: 'Clutching my cure, I tightly lock the door'
 Rendering standard line [17]: 'I try to catch my breath again'
 Rendering standard line [18]: 'I hurt much more than anytime before'
 Rendering standard line [19]: 'I had no options left again'
 Rendering standard line [20]: 'I don't want to be the one'
 Rendering standard line [21]: 'the battles always choose'
 Rendering standard line [22]: ''Cause inside, I realize'
 Rendering standard line [23]: 'that I'm the one confused'
 Rendering standard line [24]: 'I don't know what's worth fighting for'
 Rendering standard line [25]: 'or why I have to scream'
 Rendering standard line [26]: 'I don't know why I instigate'
 Rendering standard line [27]: 'and say what I don't mean'
 Rendering standard line [28]: 'I don't know how I got this way,'
 Rendering standard line [29]: 'I'll never be alright'
 Rendering standard line [30]: 'So I'm breaking the habit'
 Rendering standard line [31]: 'I'm breaking the habit tonight'
 Rendering standard line [32]: 'I'll paint it on the walls'
 Rendering standard line [33]: ''Cause I'm the one at fault'
 Rendering standard line [34]: 'I'll never fight again'
 Rendering standard line [35]: 'And this is how it ends'
 Rendering standard line [36]: 'I don't know what's worth fighting for'
 Rendering standard line [37]: 'or why I have to scream'
 Rendering standard line [38]: 'But now I have some clarity'
 Rendering standard line [39]: 'to show you what I mean'
 Rendering standard line [40]: 'I don't know how I got this way,'
 Rendering standard line [41]: 'I'll never be alright'
 Rendering standard line [42]: 'So I'm breaking the habit'
 Rendering standard line [43]: 'I'm breaking the habit'
 Rendering standard line [44]: 'I'm breaking the habit tonight'
 WaveformEditor: Shown
 WaveformEditor: Загрузка двойных волновых форм. Инструментал: blob:http://localhost:5173/d4f0c2ef-d2f2-4c84-8ce5-c58f47209b25, Вокал: blob:http://localhost:5173/b3eeeb14-9bae-436a-b91f-0c979eae1c84
 🔄 WaveformEditor: Загружаем аудио из URL: blob:http://localhost:5173/d4f0c2ef-d2f2-4c84-8ce5...
 🔄 WaveformEditor: Загружаем аудио из URL: blob:http://localhost:5173/b3eeeb14-9bae-436a-b91f...
 ✅ Track "Linkin Park - Breaking the Habit" loaded successfully
 ExportUI: _updateVisibility вызван.
 ExportUI: _updateVisibility - isRehearsalMode: true bpmControls: 
 ExportUI: Кнопка экспорта - display: block
 ExportUI: BPM Controls - display: flex
 🎯 CatalogV2: WaveformEditor готов. Открываем Block Editor
 WaveformEditor: Opening NEW block editor for track: 1763458950792
 Using ORIGINAL lyrics from track.lyricsOriginalContent. Length: 1313
 ModalBlockEditor: Initializing with text: Memories consume like opening the wound
I'm pickin...
 🔍 ModalBlockEditor: _splitTextIntoBlocks получил текст длиной: 1313
 🔍 Первые 400 символов входного текста: Memories consume like opening the wound
I'm picking me apart again
You all assume I'm safe here in my room
Unless I try to start again

I don't want to be the one 
the battles always choose
'Cause inside, I realize 
that I'm the one confused

I don't know what's worth fighting for
or why I have to scream
I don't know why I instigate 
and say what I don't mean
I don't know how I got this way,
I kno
 🔍 Количество 

 в тексте: 7
 🔍 ModalBlockEditor: Разделение по абзацам дало 8 блоков
 🔍 Первый блок: Memories consume like opening the wound
I'm picking me apart again
You all assume I'm safe here in my room
Unless I try to start again
 🔍 Второй блок: I don't want to be the one 
the battles always choose
'Cause inside, I realize 
that I'm the one confused
 ModalBlockEditor: Shown
 WaveformEditor: Audio data already loaded, skipping _loadAudioData
 WaveformEditor: _activateFirstUnmarkedLine called.
 WaveformEditor: Markers length: 0
 WaveformEditor: Total lyric lines from lyricsDisplay: 45
 WaveformEditor: No markers found, attempting to activate line 0.
 [SETACTIVE] Called with index 0. Current style: default
 Sync Editor: Skipping standard scroll - using forced centering only
 📡 BLOCK CHANGE EVENT received
    Current loop block: None
    New active block: Block 1 (ID: block-1763458798765-0-tqi7xv82kdh)
    Loop is active: false
    Seeking in progress: false
 🔄 DIFFERENT BLOCK DETECTED: Proceeding with block change logic
    Was looping: false
 ℹ️ NO LOOP TO STOP: Loop was not active
 🔧 CREATING LOOP BUTTON: For new active block
 BlockLoopControl: _createLoopButtonForCurrentBlock called
 BlockLoopControl: lyricsDisplay.currentActiveBlock: Object
 BlockLoopControl: lyricsDisplay.textBlocks: Array(0)
 BlockLoopControl: Создаем кнопку для активного блока репетиции: Block 1
 BlockLoopControl: _createLoopButton called for block: Block 1
 BlockLoopControl: Кнопка удалена, drag boundaries остаются активными
 BlockLoopControl: blockElement found: false
 BlockLoopControl: DOM element for block not found
 WaveformEditor: Dispatched sync-editor-opened event Object
 ✅ ВОКАЛ ГОТОВ! Длительность: 196.11с
 🎤 Activating vocal controls
 App: Уведомление (success): Вокальная дорожка загружена успешно
 LiveMode: Вокальная дорожка загружена успешно
 🎤 ВОКАЛ ПОДКЛЮЧЕН к аудио-контексту
blob:http://localhost:5173/797a11e3-2f91-4d44-bf3e-57cf073593af:1  Failed to load resource: net::ERR_FILE_NOT_FOUND
 🎨 StateManager: Forcing text rerender in current mode
 ⏱️ FINAL_RENDER_TIME: 355.883056640625 ms
 ⏱️ TOTAL_TRACK_LOAD_TIME: 916.383056640625 ms
 🔄 WaveformEditor: Начинаем переключение на источник: master
 WaveformEditor notification: Загружаем компоненты для Мастер-вида...
 🔄 WaveformEditor: Загружаем аудио из URL: blob:http://localhost:5173/d4f0c2ef-d2f2-4c84-8ce5...
 Sync Editor: Initial centering suppressed in rehearsal mode
 ✅ WaveformEditor: URL загружен, длительность: 196.11с
 Инструментальная дорожка загружена.
 ModalBlockEditor: Mouse move, isDragging: false draggedBlock: null
blob:http://localhost:5173/797a11e3-2f91-4d44-bf3e-57cf073593af:1  Failed to load resource: net::ERR_FILE_NOT_FOUND
 ✅ WaveformEditor: URL загружен, длительность: 196.11с
 ✅ Instrumental data loaded for master view
 🔄 WaveformEditor: Загружаем аудио из URL: blob:http://localhost:5173/b3eeeb14-9bae-436a-b91f...
 ✅ WaveformEditor: URL загружен, длительность: 196.11с
 Вокальная дорожка загружена.
 Все волновые формы успешно загружены и обработаны.
 WaveformEditor: Обе дорожки успешно загружены.
blob:http://localhost:5173/797a11e3-2f91-4d44-bf3e-57cf073593af:1  Failed to load resource: net::ERR_FILE_NOT_FOUND
 Key pressed: ShiftLeft
 Key pressed: Shift, key code: 16, waveform active: true
 Key pressed: MetaLeft
 Key pressed: Meta, key code: 91, waveform active: true
blob:http://localhost:5173/797a11e3-2f91-4d44-bf3e-57cf073593af:1  Failed to load resource: net::ERR_FILE_NOT_FOUND
blob:http://localhost:5173/797a11e3-2f91-4d44-bf3e-57cf073593af:1  Failed to load resource: net::ERR_FILE_NOT_FOUND
 ModalBlockEditor: Mouse move, isDragging: false draggedBlock: null
 ModalBlockEditor: Mouse move, isDragging: false draggedBlock: null
 ModalBlockEditor: Mouse move, isDragging: false draggedBlock: null
 ModalBlockEditor: Mouse move, isDragging: false draggedBlock: null
blob:http://localhost:5173/797a11e3-2f91-4d44-bf3e-57cf073593af:1  Failed to load resource: net::ERR_FILE_NOT_FOUND
 TrackCatalog: Loaded 12 tracks from DB
 ✅ WaveformEditor: URL загружен, длительность: 196.11с
 ✅ Vocal data loaded for master view
 ✅ WaveformEditor: Master view prepared with overlay waves
 WaveformEditor notification: Переключено на Мастер
blob:http://localhost:5173/797a11e3-2f91-4d44-bf3e-57cf073593af:1  Failed to load resource: net::ERR_FILE_NOT_FOUND
blob:http://localhost:5173/797a11e3-2f91-4d44-bf3e-57cf073593af:1  Failed to load resource: net::ERR_FILE_NOT_FOUND
 Key pressed: ShiftLeft
 Key pressed: Shift, key code: 16, waveform active: true
 Key pressed: MetaLeft
 Key pressed: Meta, key code: 91, waveform active: true
blob:http://localhost:5173/797a11e3-2f91-4d44-bf3e-57cf073593af:1  Failed to load resource: net::ERR_FILE_NOT_FOUND
 ModalBlockEditor: Mouse move, isDragging: false draggedBlock: null
 ModalBlockEditor: Mouse move, isDragging: false draggedBlock: null
 ModalBlockEditor: Mouse move, isDragging: false draggedBlock: null
blob:http://localhost:5173/797a11e3-2f91-4d44-bf3e-57cf073593af:1  Failed to load resource: net::ERR_FILE_NOT_FOUND
 ModalBlockEditor: Mouse move, isDragging: false draggedBlock: null
 ModalBlockEditor: Mouse move, isDragging: false draggedBlock: null
 ModalBlockEditor: Mouse move, isDragging: false draggedBlock: null
 ModalBlockEditor: Mouse move, isDragging: false draggedBlock: null
 ModalBlockEditor: Mouse move, isDragging: false draggedBlock: null
 ModalBlockEditor: Mouse move, isDragging: false draggedBlock: null
 ModalBlockEditor: Mouse move, isDragging: false draggedBlock: null
 ModalBlockEditor: Mouse move, isDragging: false draggedBlock: null
 ModalBlockEditor: Mouse move, isDragging: false draggedBlock: null
blob:http://localhost:5173/797a11e3-2f91-4d44-bf3e-57cf073593af:1  Failed to load resource: net::ERR_FILE_NOT_FOUND
blob:http://localhost:5173/797a11e3-2f91-4d44-bf3e-57cf073593af:1  Failed to load resource: net::ERR_FILE_NOT_FOUND
 ModalBlockEditor: Mouse move, isDragging: false draggedBlock: null
 ModalBlockEditor: Mouse move, isDragging: false draggedBlock: null
 ModalBlockEditor: Mouse move, isDragging: false draggedBlock: null
 ModalBlockEditor: Mouse move, isDragging: false draggedBlock: null
 ModalBlockEditor: Mouse move, isDragging: false draggedBlock: null
 ModalBlockEditor: Mouse move, isDragging: false draggedBlock: null
 ModalBlockEditor: Mouse move, isDragging: false draggedBlock: null
blob:http://localhost:5173/797a11e3-2f91-4d44-bf3e-57cf073593af:1  Failed to load resource: net::ERR_FILE_NOT_FOUND
 ModalBlockEditor: Mouse move, isDragging: false draggedBlock: null
 ModalBlockEditor: Mouse move, isDragging: false draggedBlock: null
 ModalBlockEditor: Mouse move, isDragging: false draggedBlock: null
 ModalBlockEditor: Mouse move, isDragging: false draggedBlock: null
 ModalBlockEditor: Mouse move, isDragging: false draggedBlock: null
 ModalBlockEditor: Mouse move, isDragging: false draggedBlock: null
 ModalBlockEditor: Mouse up, isDragging: false draggedBlock: null mergeTarget: null
 Block type set to "bridge" for block: 
 ModalBlockEditor: Mouse move, isDragging: false draggedBlock: null
 ModalBlockEditor: Mouse move, isDragging: false draggedBlock: null
 ModalBlockEditor: Mouse move, isDragging: false draggedBlock: null
 ModalBlockEditor: Mouse move, isDragging: false draggedBlock: null
 ModalBlockEditor: Mouse move, isDragging: false draggedBlock: null
blob:http://localhost:5173/797a11e3-2f91-4d44-bf3e-57cf073593af:1  Failed to load resource: net::ERR_FILE_NOT_FOUND
 ModalBlockEditor: Mouse move, isDragging: false draggedBlock: null
blob:http://localhost:5173/797a11e3-2f91-4d44-bf3e-57cf073593af:1  Failed to load resource: net::ERR_FILE_NOT_FOUND
 ModalBlockEditor: Mouse move, isDragging: false draggedBlock: null
 ModalBlockEditor: Mouse move, isDragging: false draggedBlock: null
 ModalBlockEditor: Mouse move, isDragging: false draggedBlock: null
 ModalBlockEditor: Mouse move, isDragging: false draggedBlock: null
 ModalBlockEditor: Mouse move, isDragging: false draggedBlock: null
 ModalBlockEditor: Mouse move, isDragging: false draggedBlock: null
 ModalBlockEditor: Mouse move, isDragging: false draggedBlock: null
 ModalBlockEditor: Mouse move, isDragging: false draggedBlock: null
 ModalBlockEditor: Mouse move, isDragging: false draggedBlock: null
 ModalBlockEditor: Mouse move, isDragging: false draggedBlock: null
 ModalBlockEditor: Mouse move, isDragging: false draggedBlock: null
 ModalBlockEditor: Mouse move, isDragging: false draggedBlock: null
rtf-parser.js:849 ModalBlockEditor: Mouse move, isDragging: false draggedBlock: null
rtf-parser.js:849 ModalBlockEditor: Mouse move, isDragging: false draggedBlock: null
rtf-parser.js:849 ModalBlockEditor: Mouse move, isDragging: false draggedBlock: null
rtf-parser.js:849 ModalBlockEditor: Mouse move, isDragging: false draggedBlock: null
rtf-parser.js:849 ModalBlockEditor: Mouse move, isDragging: false draggedBlock: null
blob:http://localhost:5173/797a11e3-2f91-4d44-bf3e-57cf073593af:1  Failed to load resource: net::ERR_FILE_NOT_FOUND
rtf-parser.js:849 ModalBlockEditor: Mouse move, isDragging: false draggedBlock: null
rtf-parser.js:849 ModalBlockEditor: Mouse move, isDragging: false draggedBlock: null
rtf-parser.js:849 ModalBlockEditor: Mouse move, isDragging: false draggedBlock: null
rtf-parser.js:849 ModalBlockEditor: Mouse move, isDragging: false draggedBlock: null
rtf-parser.js:849 ModalBlockEditor: Mouse move, isDragging: false draggedBlock: null
rtf-parser.js:849 ModalBlockEditor: Mouse move, isDragging: false draggedBlock: null
rtf-parser.js:849 ModalBlockEditor: Mouse move, isDragging: false draggedBlock: null
rtf-parser.js:849 ModalBlockEditor: Mouse move, isDragging: false draggedBlock: null
rtf-parser.js:849 ModalBlockEditor: Mouse move, isDragging: false draggedBlock: null
rtf-parser.js:849 ModalBlockEditor: Mouse move, isDragging: false draggedBlock: null
rtf-parser.js:849 ModalBlockEditor: Mouse move, isDragging: false draggedBlock: null
rtf-parser.js:849 ModalBlockEditor: Mouse move, isDragging: false draggedBlock: null
rtf-parser.js:849 ModalBlockEditor: Mouse move, isDragging: false draggedBlock: null
rtf-parser.js:849 ModalBlockEditor: Mouse move, isDragging: false draggedBlock: null
rtf-parser.js:849 ModalBlockEditor: Mouse move, isDragging: false draggedBlock: null
rtf-parser.js:849 ModalBlockEditor: Mouse move, isDragging: false draggedBlock: null
rtf-parser.js:849 ModalBlockEditor: Mouse move, isDragging: false draggedBlock: null
rtf-parser.js:849 ModalBlockEditor: Mouse move, isDragging: false draggedBlock: null
blob:http://localhost:5173/797a11e3-2f91-4d44-bf3e-57cf073593af:1  Failed to load resource: net::ERR_FILE_NOT_FOUND
rtf-parser.js:849 ModalBlockEditor: Mouse move, isDragging: false draggedBlock: null
rtf-parser.js:849 ModalBlockEditor: Mouse move, isDragging: false draggedBlock: null
rtf-parser.js:849 ModalBlockEditor: Mouse move, isDragging: false draggedBlock: null
rtf-parser.js:849 ModalBlockEditor: Mouse move, isDragging: false draggedBlock: null
rtf-parser.js:849 ModalBlockEditor: Mouse move, isDragging: false draggedBlock: null
rtf-parser.js:849 ModalBlockEditor: Mouse move, isDragging: false draggedBlock: null
rtf-parser.js:849 ModalBlockEditor: Mouse move, isDragging: false draggedBlock: null
rtf-parser.js:849 ModalBlockEditor: Mouse move, isDragging: false draggedBlock: null
rtf-parser.js:849 ModalBlockEditor: Mouse move, isDragging: false draggedBlock: null
rtf-parser.js:849 ModalBlockEditor: Mouse move, isDragging: false draggedBlock: null
rtf-parser.js:849 ModalBlockEditor: Mouse move, isDragging: false draggedBlock: null
rtf-parser.js:849 ModalBlockEditor: Mouse move, isDragging: false draggedBlock: null
rtf-parser.js:849 ModalBlockEditor: Mouse move, isDragging: false draggedBlock: null
rtf-parser.js:849 ModalBlockEditor: Mouse move, isDragging: false draggedBlock: null
rtf-parser.js:849 ModalBlockEditor: Mouse move, isDragging: false draggedBlock: null
rtf-parser.js:849 ModalBlockEditor: Mouse move, isDragging: false draggedBlock: null
rtf-parser.js:849 ModalBlockEditor: Mouse move, isDragging: false draggedBlock: null
rtf-parser.js:849 ModalBlockEditor: Mouse move, isDragging: false draggedBlock: null
rtf-parser.js:849 ModalBlockEditor: Mouse move, isDragging: false draggedBlock: null
rtf-parser.js:849 ModalBlockEditor: Mouse move, isDragging: false draggedBlock: null
rtf-parser.js:849 ModalBlockEditor: Mouse move, isDragging: false draggedBlock: null
rtf-parser.js:849 ModalBlockEditor: Mouse move, isDragging: false draggedBlock: null
rtf-parser.js:849 ModalBlockEditor: Mouse move, isDragging: false draggedBlock: null
rtf-parser.js:849 ModalBlockEditor: Mouse move, isDragging: false draggedBlock: null
blob:http://localhost:5173/797a11e3-2f91-4d44-bf3e-57cf073593af:1  Failed to load resource: net::ERR_FILE_NOT_FOUND
rtf-parser.js:849 ModalBlockEditor: Mouse move, isDragging: false draggedBlock: null
rtf-parser.js:849 ModalBlockEditor: Mouse move, isDragging: false draggedBlock: null
rtf-parser.js:849 ModalBlockEditor: Mouse move, isDragging: false draggedBlock: null
rtf-parser.js:849 ModalBlockEditor: Mouse move, isDragging: false draggedBlock: null
rtf-parser.js:849 ModalBlockEditor: Mouse move, isDragging: false draggedBlock: null
rtf-parser.js:849 ModalBlockEditor: Mouse move, isDragging: false draggedBlock: null
rtf-parser.js:849 ModalBlockEditor: Mouse up, isDragging: false draggedBlock: null mergeTarget: null
rtf-parser.js:849 Block type set to "prechorus" for block: <div class=​"text-block block-type-prechorus" contenteditable=​"false" data-placeholder=​"Введите текст блока..." data-block-type=​"prechorus">​…​</div>​
blob:http://localhost:5173/797a11e3-2f91-4d44-bf3e-57cf073593af:1  Failed to load resource: net::ERR_FILE_NOT_FOUND
rtf-parser.js:849 ModalBlockEditor: Mouse move, isDragging: false draggedBlock: null
rtf-parser.js:849 ModalBlockEditor: Mouse move, isDragging: false draggedBlock: null
rtf-parser.js:849 ModalBlockEditor: Mouse move, isDragging: false draggedBlock: null
rtf-parser.js:849 ModalBlockEditor: Mouse move, isDragging: false draggedBlock: null
rtf-parser.js:849 ModalBlockEditor: Mouse move, isDragging: false draggedBlock: null
rtf-parser.js:849 ModalBlockEditor: Mouse move, isDragging: false draggedBlock: null
rtf-parser.js:849 ModalBlockEditor: Mouse move, isDragging: false draggedBlock: null
rtf-parser.js:849 ModalBlockEditor: Mouse move, isDragging: false draggedBlock: null
rtf-parser.js:849 ModalBlockEditor: Mouse move, isDragging: false draggedBlock: null
rtf-parser.js:849 ModalBlockEditor: Mouse move, isDragging: false draggedBlock: null
rtf-parser.js:849 ModalBlockEditor: Mouse move, isDragging: false draggedBlock: null
rtf-parser.js:849 ModalBlockEditor: Mouse move, isDragging: false draggedBlock: null
rtf-parser.js:849 ModalBlockEditor: Mouse move, isDragging: false draggedBlock: null
rtf-parser.js:849 ModalBlockEditor: Mouse move, isDragging: false draggedBlock: null
rtf-parser.js:849 ModalBlockEditor: Mouse move, isDragging: false draggedBlock: null
rtf-parser.js:849 ModalBlockEditor: Mouse move, isDragging: false draggedBlock: null
rtf-parser.js:849 ModalBlockEditor: Mouse move, isDragging: false draggedBlock: null
rtf-parser.js:849 ModalBlockEditor: Mouse move, isDragging: false draggedBlock: null
rtf-parser.js:849 ModalBlockEditor: Mouse move, isDragging: false draggedBlock: null
rtf-parser.js:849 ModalBlockEditor: Mouse move, isDragging: false draggedBlock: null
rtf-parser.js:849 ModalBlockEditor: Mouse move, isDragging: false draggedBlock: null
rtf-parser.js:849 ModalBlockEditor: Mouse move, isDragging: false draggedBlock: null
rtf-parser.js:849 ModalBlockEditor: Mouse move, isDragging: false draggedBlock: null
rtf-parser.js:849 ModalBlockEditor: Mouse move, isDragging: false draggedBlock: null
rtf-parser.js:849 ModalBlockEditor: Mouse move, isDragging: false draggedBlock: null
blob:http://localhost:5173/797a11e3-2f91-4d44-bf3e-57cf073593af:1  Failed to load resource: net::ERR_FILE_NOT_FOUND
rtf-parser.js:849 ModalBlockEditor: Mouse move, isDragging: false draggedBlock: null
rtf-parser.js:849 ModalBlockEditor: Mouse move, isDragging: false draggedBlock: null
rtf-parser.js:849 ModalBlockEditor: Mouse move, isDragging: false draggedBlock: null
rtf-parser.js:849 ModalBlockEditor: Mouse move, isDragging: false draggedBlock: null
rtf-parser.js:849 ModalBlockEditor: Mouse move, isDragging: false draggedBlock: null
rtf-parser.js:849 ModalBlockEditor: Mouse move, isDragging: false draggedBlock: null
rtf-parser.js:849 ModalBlockEditor: Mouse move, isDragging: false draggedBlock: null
rtf-parser.js:849 ModalBlockEditor: Mouse move, isDragging: false draggedBlock: null
rtf-parser.js:849 ModalBlockEditor: Mouse move, isDragging: false draggedBlock: null
rtf-parser.js:849 ModalBlockEditor: Mouse move, isDragging: false draggedBlock: null
rtf-parser.js:849 ModalBlockEditor: Mouse move, isDragging: false draggedBlock: null
rtf-parser.js:849 ModalBlockEditor: Mouse move, isDragging: false draggedBlock: null
rtf-parser.js:849 ModalBlockEditor: Mouse move, isDragging: false draggedBlock: null
rtf-parser.js:849 ModalBlockEditor: Mouse move, isDragging: false draggedBlock: null
rtf-parser.js:849 ModalBlockEditor: Mouse move, isDragging: false draggedBlock: null
rtf-parser.js:849 ModalBlockEditor: Mouse move, isDragging: false draggedBlock: null
rtf-parser.js:849 ModalBlockEditor: Mouse move, isDragging: false draggedBlock: null
blob:http://localhost:5173/797a11e3-2f91-4d44-bf3e-57cf073593af:1  Failed to load resource: net::ERR_FILE_NOT_FOUND
rtf-parser.js:849 ModalBlockEditor: Mouse move, isDragging: false draggedBlock: null
rtf-parser.js:849 ModalBlockEditor: Mouse move, isDragging: false draggedBlock: null
rtf-parser.js:849 ModalBlockEditor: Mouse move, isDragging: false draggedBlock: null
rtf-parser.js:849 ModalBlockEditor: Mouse move, isDragging: false draggedBlock: null
rtf-parser.js:849 ModalBlockEditor: Mouse up, isDragging: false draggedBlock: null mergeTarget: null
rtf-parser.js:849 Block type set to "prechorus" for block: <div class=​"text-block block-type-prechorus" contenteditable=​"false" data-placeholder=​"Введите текст блока..." data-block-type=​"prechorus">​…​</div>​
rtf-parser.js:849 ModalBlockEditor: Mouse move, isDragging: false draggedBlock: null
rtf-parser.js:849 ModalBlockEditor: Mouse move, isDragging: false draggedBlock: null
rtf-parser.js:849 ModalBlockEditor: Mouse move, isDragging: false draggedBlock: null
rtf-parser.js:849 ModalBlockEditor: Mouse move, isDragging: false draggedBlock: null
rtf-parser.js:849 ModalBlockEditor: Mouse move, isDragging: false draggedBlock: null
rtf-parser.js:849 ModalBlockEditor: Mouse move, isDragging: false draggedBlock: null
rtf-parser.js:849 ModalBlockEditor: Mouse move, isDragging: false draggedBlock: null
rtf-parser.js:849 ModalBlockEditor: Mouse move, isDragging: false draggedBlock: null
rtf-parser.js:849 ModalBlockEditor: Mouse move, isDragging: false draggedBlock: null
rtf-parser.js:849 ModalBlockEditor: Mouse move, isDragging: false draggedBlock: null
blob:http://localhost:5173/797a11e3-2f91-4d44-bf3e-57cf073593af:1  Failed to load resource: net::ERR_FILE_NOT_FOUND
rtf-parser.js:849 ModalBlockEditor: Mouse move, isDragging: false draggedBlock: null
rtf-parser.js:849 ModalBlockEditor: Mouse move, isDragging: false draggedBlock: null
rtf-parser.js:849 Key pressed: ShiftLeft
rtf-parser.js:849 Key pressed: Shift, key code: 16, waveform active: true
blob:http://localhost:5173/797a11e3-2f91-4d44-bf3e-57cf073593af:1  Failed to load resource: net::ERR_FILE_NOT_FOUND
rtf-parser.js:849 Key pressed: MetaLeft
rtf-parser.js:849 Key pressed: Meta, key code: 91, waveform active: true
blob:http://localhost:5173/797a11e3-2f91-4d44-bf3e-57cf073593af:1  Failed to load resource: net::ERR_FILE_NOT_FOUND
rtf-parser.js:849 ModalBlockEditor: Mouse move, isDragging: false draggedBlock: null
rtf-parser.js:849 ModalBlockEditor: Mouse move, isDragging: false draggedBlock: null
rtf-parser.js:849 ModalBlockEditor: Mouse move, isDragging: false draggedBlock: null
rtf-parser.js:849 ModalBlockEditor: Mouse move, isDragging: false draggedBlock: null
rtf-parser.js:849 ModalBlockEditor: Mouse move, isDragging: false draggedBlock: null
rtf-parser.js:849 ModalBlockEditor: Mouse move, isDragging: false draggedBlock: null
rtf-parser.js:849 ModalBlockEditor: Mouse move, isDragging: false draggedBlock: null
blob:http://localhost:5173/797a11e3-2f91-4d44-bf3e-57cf073593af:1  Failed to load resource: net::ERR_FILE_NOT_FOUND
rtf-parser.js:849 ModalBlockEditor: Mouse move, isDragging: false draggedBlock: null
rtf-parser.js:849 ModalBlockEditor: Mouse move, isDragging: false draggedBlock: null
rtf-parser.js:849 ModalBlockEditor: Mouse move, isDragging: false draggedBlock: null
rtf-parser.js:849 ModalBlockEditor: Mouse move, isDragging: false draggedBlock: null
rtf-parser.js:849 ModalBlockEditor: Mouse move, isDragging: false draggedBlock: null
rtf-parser.js:849 ModalBlockEditor: Mouse move, isDragging: false draggedBlock: null
rtf-parser.js:849 Key pressed: AltLeft
rtf-parser.js:849 Key pressed: Alt, key code: 18, waveform active: true
rtf-parser.js:849 Key pressed: MetaLeft
rtf-parser.js:849 Key pressed: Meta, key code: 91, waveform active: true
rtf-parser.js:849 Key pressed: KeyJ
rtf-parser.js:849 Key pressed: j, key code: 74, waveform active: true
blob:http://localhost:5173/797a11e3-2f91-4d44-bf3e-57cf073593af:1  Failed to load resource: net::ERR_FILE_NOT_FOUND
blob:http://localhost:5173/797a11e3-2f91-4d44-bf3e-57cf073593af:1  Failed to load resource: net::ERR_FILE_NOT_FOUND
blob:http://localhost:5173/797a11e3-2f91-4d44-bf3e-57cf073593af:1  GET blob:http://localhost:5173/797a11e3-2f91-4d44-bf3e-57cf073593af net::ERR_FILE_NOT_FOUND
blob:http://localhost:5173/797a11e3-2f91-4d44-bf3e-57cf073593af:1  GET blob:http://localhost:5173/797a11e3-2f91-4d44-bf3e-57cf073593af net::ERR_FILE_NOT_FOUND
blob:http://localhost:5173/797a11e3-2f91-4d44-bf3e-57cf073593af:1  GET blob:http://localhost:5173/797a11e3-2f91-4d44-bf3e-57cf073593af net::ERR_FILE_NOT_FOUND
