blob:http://localhost:5173/c7c1a182-4858-4c05-88ec-95f71a97b4eb:1  Failed to load resource: net::ERR_FILE_NOT_FOUND
blob:http://localhost:5173/7231183c-ac9c-4633-bb59-c8a234c8bfcc:1  Failed to load resource: net::ERR_FILE_NOT_FOUND
blob:http://localhost:5173/f523dffe-32f9-465e-a08d-1207cbd8b68c:1  Failed to load resource: net::ERR_FILE_NOT_FOUND
blob:http://localhost:5173/69f563b9-491e-4eb7-bea4-a9016c8090e3:1  Failed to load resource: net::ERR_FILE_NOT_FOUND
blob:http://localhost:5173/75891fb8-e942-4f09-b08e-dd37e09177bb:1  Failed to load resource: net::ERR_FILE_NOT_FOUND
blob:http://localhost:5173/c7c1a182-4858-4c05-88ec-95f71a97b4eb:1  Failed to load resource: net::ERR_FILE_NOT_FOUND
blob:http://localhost:5173/c7c1a182-4858-4c05-88ec-95f71a97b4eb:1  Failed to load resource: net::ERR_FILE_NOT_FOUND
blob:http://localhost:5173/c7c1a182-4858-4c05-88ec-95f71a97b4eb:1  Failed to load resource: net::ERR_FILE_NOT_FOUND
blob:http://localhost:5173/c7c1a182-4858-4c05-88ec-95f71a97b4eb:1  Failed to load resource: net::ERR_FILE_NOT_FOUND
blob:http://localhost:5173/c7c1a182-4858-4c05-88ec-95f71a97b4eb:1  Failed to load resource: net::ERR_FILE_NOT_FOUND
blob:http://localhost:5173/c7c1a182-4858-4c05-88ec-95f71a97b4eb:1  Failed to load resource: net::ERR_FILE_NOT_FOUND
blob:http://localhost:5173/c7c1a182-4858-4c05-88ec-95f71a97b4eb:1  Failed to load resource: net::ERR_FILE_NOT_FOUND
blob:http://localhost:5173/c7c1a182-4858-4c05-88ec-95f71a97b4eb:1  Failed to load resource: net::ERR_FILE_NOT_FOUND
blob:http://localhost:5173/c7c1a182-4858-4c05-88ec-95f71a97b4eb:1  Failed to load resource: net::ERR_FILE_NOT_FOUND
blob:http://localhost:5173/c7c1a182-4858-4c05-88ec-95f71a97b4eb:1  Failed to load resource: net::ERR_FILE_NOT_FOUND
blob:http://localhost:5173/c7c1a182-4858-4c05-88ec-95f71a97b4eb:1  Failed to load resource: net::ERR_FILE_NOT_FOUND
blob:http://localhost:5173/c7c1a182-4858-4c05-88ec-95f71a97b4eb:1  Failed to load resource: net::ERR_FILE_NOT_FOUND
blob:http://localhost:5173/c7c1a182-4858-4c05-88ec-95f71a97b4eb:1  Failed to load resource: net::ERR_FILE_NOT_FOUND
blob:http://localhost:5173/c7c1a182-4858-4c05-88ec-95f71a97b4eb:1  Failed to load resource: net::ERR_FILE_NOT_FOUND
blob:http://localhost:5173/c7c1a182-4858-4c05-88ec-95f71a97b4eb:1  Failed to load resource: net::ERR_FILE_NOT_FOUND
blob:http://localhost:5173/c7c1a182-4858-4c05-88ec-95f71a97b4eb:1  Failed to load resource: net::ERR_FILE_NOT_FOUND
blob:http://localhost:5173/c7c1a182-4858-4c05-88ec-95f71a97b4eb:1  Failed to load resource: net::ERR_FILE_NOT_FOUND
blob:http://localhost:5173/c7c1a182-4858-4c05-88ec-95f71a97b4eb:1  Failed to load resource: net::ERR_FILE_NOT_FOUND
blob:http://localhost:5173/c7c1a182-4858-4c05-88ec-95f71a97b4eb:1  Failed to load resource: net::ERR_FILE_NOT_FOUND
blob:http://localhost:5173/c7c1a182-4858-4c05-88ec-95f71a97b4eb:1  Failed to load resource: net::ERR_FILE_NOT_FOUND
blob:http://localhost:5173/c7c1a182-4858-4c05-88ec-95f71a97b4eb:1  Failed to load resource: net::ERR_FILE_NOT_FOUND
blob:http://localhost:5173/c7c1a182-4858-4c05-88ec-95f71a97b4eb:1  Failed to load resource: net::ERR_FILE_NOT_FOUND
blob:http://localhost:5173/c7c1a182-4858-4c05-88ec-95f71a97b4eb:1  Failed to load resource: net::ERR_FILE_NOT_FOUND
blob:http://localhost:5173/c7c1a182-4858-4c05-88ec-95f71a97b4eb:1  Failed to load resource: net::ERR_FILE_NOT_FOUND
blob:http://localhost:5173/c7c1a182-4858-4c05-88ec-95f71a97b4eb:1  Failed to load resource: net::ERR_FILE_NOT_FOUND
blob:http://localhost:5173/c7c1a182-4858-4c05-88ec-95f71a97b4eb:1  Failed to load resource: net::ERR_FILE_NOT_FOUND
blob:http://localhost:5173/c7c1a182-4858-4c05-88ec-95f71a97b4eb:1  Failed to load resource: net::ERR_FILE_NOT_FOUND
blob:http://localhost:5173/c7c1a182-4858-4c05-88ec-95f71a97b4eb:1  Failed to load resource: net::ERR_FILE_NOT_FOUND
blob:http://localhost:5173/c7c1a182-4858-4c05-88ec-95f71a97b4eb:1  Failed to load resource: net::ERR_FILE_NOT_FOUND
blob:http://localhost:5173/c7c1a182-4858-4c05-88ec-95f71a97b4eb:1  Failed to load resource: net::ERR_FILE_NOT_FOUND
    Was looping: false
 ℹ️ NO LOOP TO STOP: Loop was not active
 🔧 CREATING LOOP BUTTON: For new active block
 BlockLoopControl: _createLoopButtonForCurrentBlock called
 BlockLoopControl: lyricsDisplay.currentActiveBlock: Object
 BlockLoopControl: lyricsDisplay.textBlocks: Array(8)
 Sync Editor: Positioned line 4 at TOP (teleprompter mode)
 [SETACTIVE] Called with index 4. Current style: default
 Sync Editor: Skipping standard scroll - using forced centering only
 Sync Editor: Positioned line 4 at TOP (teleprompter mode)
 Sync Editor: Positioned line 4 at TOP (teleprompter mode)
 📡 BLOCK CHANGE EVENT received
    Current loop block: None
    New active block: Block 1 (ID: block-1763457140325-0-9sw0eyjzwi8)
    Loop is active: false
    Seeking in progress: false
 🔄 DIFFERENT BLOCK DETECTED: Proceeding with block change logic
    Was looping: false
 ℹ️ NO LOOP TO STOP: Loop was not active
 🔧 CREATING LOOP BUTTON: For new active block
 BlockLoopControl: _createLoopButtonForCurrentBlock called
 BlockLoopControl: lyricsDisplay.currentActiveBlock: Object
 BlockLoopControl: lyricsDisplay.textBlocks: Array(8)
 Sync Editor: Positioned line 4 at TOP (teleprompter mode)
 Auto-scroll re-enabled after timeout
 ModalBlockEditor: Mouse move, isDragging: false draggedBlock: null
 ModalBlockEditor: Mouse move, isDragging: false draggedBlock: null
 ModalBlockEditor: Mouse move, isDragging: false draggedBlock: null
 ModalBlockEditor: Mouse move, isDragging: false draggedBlock: null
 ModalBlockEditor: Mouse move, isDragging: false draggedBlock: null
 ModalBlockEditor: Mouse move, isDragging: false draggedBlock: null
 ModalBlockEditor: Mouse move, isDragging: false draggedBlock: null
 ModalBlockEditor: Mouse move, isDragging: false draggedBlock: null
 ModalBlockEditor: Mouse move, isDragging: false draggedBlock: null
 ModalBlockEditor: Mouse up, isDragging: false draggedBlock: null mergeTarget: null
 Seeking to 70.41s by canvas click
 ⏰ СИНХРО: Позиция установлена 70.41с
 Key pressed: Digit1
 Key pressed: 1, key code: 49, waveform active: true
 Key "1" pressed - attempting to add marker
 Active line found, adding marker
 _addMarkerForActiveLine called
 Current time: 70.40774s, Audio is playing: false
 [MARKER] Looking for active line. Found: 
 Found active line with index: 4
 Line 4 already has a marker at 60.057666s
 Adding marker for next unmarked line: 5
 Creating marker for line 5: type=unknown, color=undefined
 [SETACTIVE] Called with index 5. Current style: default
 Sync Editor: Skipping standard scroll - using forced centering only
 Sync Editor: Positioned line 5 at TOP (teleprompter mode)
 Sync Editor: Positioned line 5 at TOP (teleprompter mode)
 📡 BLOCK CHANGE EVENT received
    Current loop block: None
    New active block: Block 1 (ID: block-1763457140325-0-9sw0eyjzwi8)
    Loop is active: false
    Seeking in progress: false
 🔄 DIFFERENT BLOCK DETECTED: Proceeding with block change logic
    Was looping: false
 ℹ️ NO LOOP TO STOP: Loop was not active
 🔧 CREATING LOOP BUTTON: For new active block
 BlockLoopControl: _createLoopButtonForCurrentBlock called
 BlockLoopControl: lyricsDisplay.currentActiveBlock: Object
 BlockLoopControl: lyricsDisplay.textBlocks: Array(8)
 Sync Editor: Positioned line 5 at TOP (teleprompter mode)
 [SETACTIVE] Called with index 5. Current style: default
 Sync Editor: Skipping standard scroll - using forced centering only
 Sync Editor: Positioned line 5 at TOP (teleprompter mode)
 Sync Editor: Positioned line 5 at TOP (teleprompter mode)
 📡 BLOCK CHANGE EVENT received
    Current loop block: None
    New active block: Block 1 (ID: block-1763457140325-0-9sw0eyjzwi8)
    Loop is active: false
    Seeking in progress: false
 🔄 DIFFERENT BLOCK DETECTED: Proceeding with block change logic
    Was looping: false
 ℹ️ NO LOOP TO STOP: Loop was not active
 🔧 CREATING LOOP BUTTON: For new active block
 BlockLoopControl: _createLoopButtonForCurrentBlock called
 BlockLoopControl: lyricsDisplay.currentActiveBlock: Object
 BlockLoopControl: lyricsDisplay.textBlocks: Array(8)
 Sync Editor: Positioned line 5 at TOP (teleprompter mode)
 ModalBlockEditor: Mouse move, isDragging: false draggedBlock: null
 ModalBlockEditor: Mouse move, isDragging: false draggedBlock: null
 ModalBlockEditor: Mouse move, isDragging: false draggedBlock: null
 ModalBlockEditor: Mouse move, isDragging: false draggedBlock: null
 ModalBlockEditor: Mouse move, isDragging: false draggedBlock: null
 ModalBlockEditor: Mouse up, isDragging: false draggedBlock: null mergeTarget: null
 Seeking to 80.76s by canvas click
 ⏰ СИНХРО: Позиция установлена 80.76с
 Key pressed: Digit1
 Key pressed: 1, key code: 49, waveform active: true
 Key "1" pressed - attempting to add marker
 Active line found, adding marker
 _addMarkerForActiveLine called
 Current time: 80.757814s, Audio is playing: false
 [MARKER] Looking for active line. Found: 
 Found active line with index: 5
 Line 5 already has a marker at 70.40774s
 Adding marker for next unmarked line: 6
 Creating marker for line 6: type=unknown, color=undefined
 [SETACTIVE] Called with index 6. Current style: default
 Sync Editor: Skipping standard scroll - using forced centering only
 Sync Editor: Positioned line 6 at TOP (teleprompter mode)
 Sync Editor: Positioned line 6 at TOP (teleprompter mode)
 📡 BLOCK CHANGE EVENT received
    Current loop block: None
    New active block: Block 1 (ID: block-1763457140325-0-9sw0eyjzwi8)
    Loop is active: false
    Seeking in progress: false
 🔄 DIFFERENT BLOCK DETECTED: Proceeding with block change logic
    Was looping: false
 ℹ️ NO LOOP TO STOP: Loop was not active
 🔧 CREATING LOOP BUTTON: For new active block
 BlockLoopControl: _createLoopButtonForCurrentBlock called
 BlockLoopControl: lyricsDisplay.currentActiveBlock: Object
 BlockLoopControl: lyricsDisplay.textBlocks: Array(8)
 Sync Editor: Positioned line 6 at TOP (teleprompter mode)
 [SETACTIVE] Called with index 6. Current style: default
 Sync Editor: Skipping standard scroll - using forced centering only
 Sync Editor: Positioned line 6 at TOP (teleprompter mode)
 Sync Editor: Positioned line 6 at TOP (teleprompter mode)
 📡 BLOCK CHANGE EVENT received
    Current loop block: None
    New active block: Block 1 (ID: block-1763457140325-0-9sw0eyjzwi8)
    Loop is active: false
    Seeking in progress: false
 🔄 DIFFERENT BLOCK DETECTED: Proceeding with block change logic
    Was looping: false
 ℹ️ NO LOOP TO STOP: Loop was not active
 🔧 CREATING LOOP BUTTON: For new active block
 BlockLoopControl: _createLoopButtonForCurrentBlock called
 BlockLoopControl: lyricsDisplay.currentActiveBlock: Object
 BlockLoopControl: lyricsDisplay.textBlocks: Array(8)
 Sync Editor: Positioned line 6 at TOP (teleprompter mode)
 Key pressed: Space
 Space bar pressed, toggling playback
 Key pressed:  , key code: 32, waveform active: true
 ▶️ ИНСТРУМЕНТАЛ: Воспроизведение начато
 🎤 ВОКАЛ: Синхронизирован и воспроизводится
 🎤 Activating vocal controls
 App: Уведомление (success): Вокальная дорожка загружена успешно
 LiveMode: Вокальная дорожка загружена успешно
 isPlaying property set to: true
 Key pressed: Space
 Space bar pressed, toggling playback
 ⏸️ ИНСТРУМЕНТАЛ: Пауза
 ⏸️ ВОКАЛ: Пауза
 isPlaying property set to: false
 Key pressed:  , key code: 32, waveform active: true
 Key pressed: Digit1
 Key pressed: 1, key code: 49, waveform active: true
 Key "1" pressed - attempting to add marker
 Active line found, adding marker
 _addMarkerForActiveLine called
 Current time: 81.233823s, Audio is playing: false
 [MARKER] Looking for active line. Found: 
 Found active line with index: 6
 Line 6 already has a marker at 80.757814s
 Adding marker for next unmarked line: 7
 Creating marker for line 7: type=unknown, color=undefined
 [SETACTIVE] Called with index 7. Current style: default
 Sync Editor: Skipping standard scroll - using forced centering only
 Sync Editor: Positioned line 7 at TOP (teleprompter mode)
 Sync Editor: Positioned line 7 at TOP (teleprompter mode)
 📡 BLOCK CHANGE EVENT received
    Current loop block: None
    New active block: Block 1 (ID: block-1763457140325-0-9sw0eyjzwi8)
    Loop is active: false
    Seeking in progress: false
 🔄 DIFFERENT BLOCK DETECTED: Proceeding with block change logic
    Was looping: false
 ℹ️ NO LOOP TO STOP: Loop was not active
 🔧 CREATING LOOP BUTTON: For new active block
 BlockLoopControl: _createLoopButtonForCurrentBlock called
 BlockLoopControl: lyricsDisplay.currentActiveBlock: Object
 BlockLoopControl: lyricsDisplay.textBlocks: Array(8)
 Sync Editor: Positioned line 7 at TOP (teleprompter mode)
 [SETACTIVE] Called with index 7. Current style: default
 Sync Editor: Skipping standard scroll - using forced centering only
 Sync Editor: Positioned line 7 at TOP (teleprompter mode)
 Sync Editor: Positioned line 7 at TOP (teleprompter mode)
 📡 BLOCK CHANGE EVENT received
    Current loop block: None
    New active block: Block 1 (ID: block-1763457140325-0-9sw0eyjzwi8)
    Loop is active: false
    Seeking in progress: false
 🔄 DIFFERENT BLOCK DETECTED: Proceeding with block change logic
    Was looping: false
 ℹ️ NO LOOP TO STOP: Loop was not active
 🔧 CREATING LOOP BUTTON: For new active block
 BlockLoopControl: _createLoopButtonForCurrentBlock called
 BlockLoopControl: lyricsDisplay.currentActiveBlock: Object
 BlockLoopControl: lyricsDisplay.textBlocks: Array(8)
 Sync Editor: Positioned line 7 at TOP (teleprompter mode)
 ModalBlockEditor: Mouse move, isDragging: false draggedBlock: null
 ModalBlockEditor: Mouse move, isDragging: false draggedBlock: null
 ModalBlockEditor: Mouse move, isDragging: false draggedBlock: null
 ModalBlockEditor: Mouse move, isDragging: false draggedBlock: null
 Key pressed: Space
 Space bar pressed, toggling playback
 Key pressed:  , key code: 32, waveform active: true
 ▶️ ИНСТРУМЕНТАЛ: Воспроизведение начато
 Key pressed: Digit1
 Key pressed: 1, key code: 49, waveform active: true
 Key "1" pressed - attempting to add marker
 Active line found, adding marker
 _addMarkerForActiveLine called
 Current time: 81.332508s, Audio is playing: false
 [MARKER] Looking for active line. Found: 
 Found active line with index: 7
 Line 7 already has a marker at 81.233823s
 Adding marker for next unmarked line: 8
 Creating marker for line 8: type=unknown, color=undefined
 [SETACTIVE] Called with index 8. Current style: default
 Sync Editor: Skipping standard scroll - using forced centering only
 Sync Editor: Positioned line 8 at TOP (teleprompter mode)
 Sync Editor: Positioned line 8 at TOP (teleprompter mode)
 📡 BLOCK CHANGE EVENT received
    Current loop block: None
    New active block: Block 1 (ID: block-1763457140325-0-9sw0eyjzwi8)
    Loop is active: false
    Seeking in progress: false
 🔄 DIFFERENT BLOCK DETECTED: Proceeding with block change logic
    Was looping: false
 ℹ️ NO LOOP TO STOP: Loop was not active
 🔧 CREATING LOOP BUTTON: For new active block
 BlockLoopControl: _createLoopButtonForCurrentBlock called
 BlockLoopControl: lyricsDisplay.currentActiveBlock: Object
 BlockLoopControl: lyricsDisplay.textBlocks: Array(8)
 Sync Editor: Positioned line 8 at TOP (teleprompter mode)
 [SETACTIVE] Called with index 8. Current style: default
 Sync Editor: Skipping standard scroll - using forced centering only
 Sync Editor: Positioned line 8 at TOP (teleprompter mode)
 Sync Editor: Positioned line 8 at TOP (teleprompter mode)
 📡 BLOCK CHANGE EVENT received
    Current loop block: None
    New active block: Block 1 (ID: block-1763457140325-0-9sw0eyjzwi8)
    Loop is active: false
    Seeking in progress: false
 🔄 DIFFERENT BLOCK DETECTED: Proceeding with block change logic
    Was looping: false
 ℹ️ NO LOOP TO STOP: Loop was not active
 🔧 CREATING LOOP BUTTON: For new active block
 BlockLoopControl: _createLoopButtonForCurrentBlock called
 BlockLoopControl: lyricsDisplay.currentActiveBlock: Object
 BlockLoopControl: lyricsDisplay.textBlocks: Array(8)
 Sync Editor: Positioned line 8 at TOP (teleprompter mode)
 🎤 ВОКАЛ: Синхронизирован и воспроизводится
 🎤 Activating vocal controls
 App: Уведомление (success): Вокальная дорожка загружена успешно
 LiveMode: Вокальная дорожка загружена успешно
 isPlaying property set to: true
 Auto-scroll re-enabled after scroll event
 Key pressed: Space
 Space bar pressed, toggling playback
 ⏸️ ИНСТРУМЕНТАЛ: Пауза
 ⏸️ ВОКАЛ: Пауза
 isPlaying property set to: false
 Key pressed:  , key code: 32, waveform active: true
 Key pressed: Digit1
 Key pressed: 1, key code: 49, waveform active: true
 Key "1" pressed - attempting to add marker
 Active line found, adding marker
 _addMarkerForActiveLine called
 Current time: 82.383211s, Audio is playing: false
 [MARKER] Looking for active line. Found: 
 Found active line with index: 8
 Line 8 already has a marker at 81.332508s
 Adding marker for next unmarked line: 9
 Creating marker for line 9: type=unknown, color=undefined
 [SETACTIVE] Called with index 9. Current style: default
 Sync Editor: Skipping standard scroll - using forced centering only
 Sync Editor: Positioned line 9 at TOP (teleprompter mode)
 Sync Editor: Positioned line 9 at TOP (teleprompter mode)
 📡 BLOCK CHANGE EVENT received
    Current loop block: None
    New active block: Block 1 (ID: block-1763457140325-0-9sw0eyjzwi8)
    Loop is active: false
    Seeking in progress: false
 🔄 DIFFERENT BLOCK DETECTED: Proceeding with block change logic
    Was looping: false
 ℹ️ NO LOOP TO STOP: Loop was not active
 🔧 CREATING LOOP BUTTON: For new active block
 BlockLoopControl: _createLoopButtonForCurrentBlock called
 BlockLoopControl: lyricsDisplay.currentActiveBlock: Object
 BlockLoopControl: lyricsDisplay.textBlocks: Array(8)
 Sync Editor: Positioned line 9 at TOP (teleprompter mode)
 [SETACTIVE] Called with index 9. Current style: default
 Sync Editor: Skipping standard scroll - using forced centering only
 Sync Editor: Positioned line 9 at TOP (teleprompter mode)
 Sync Editor: Positioned line 9 at TOP (teleprompter mode)
 📡 BLOCK CHANGE EVENT received
    Current loop block: None
    New active block: Block 1 (ID: block-1763457140325-0-9sw0eyjzwi8)
    Loop is active: false
    Seeking in progress: false
 🔄 DIFFERENT BLOCK DETECTED: Proceeding with block change logic
    Was looping: false
 ℹ️ NO LOOP TO STOP: Loop was not active
 🔧 CREATING LOOP BUTTON: For new active block
 BlockLoopControl: _createLoopButtonForCurrentBlock called
 BlockLoopControl: lyricsDisplay.currentActiveBlock: Object
 BlockLoopControl: lyricsDisplay.textBlocks: Array(8)
 Sync Editor: Positioned line 9 at TOP (teleprompter mode)
 Key pressed: Space
 Space bar pressed, toggling playback
 Key pressed:  , key code: 32, waveform active: true
 ▶️ ИНСТРУМЕНТАЛ: Воспроизведение начато
 🎤 ВОКАЛ: Синхронизирован и воспроизводится
 🎤 Activating vocal controls
 App: Уведомление (success): Вокальная дорожка загружена успешно
 LiveMode: Вокальная дорожка загружена успешно
 isPlaying property set to: true
 Key pressed: Digit1
 Key pressed: 1, key code: 49, waveform active: true
 Key "1" pressed - attempting to add marker
 Active line found, adding marker
 _addMarkerForActiveLine called
 Current time: 82.656045s, Audio is playing: true
 [MARKER] Looking for active line. Found: 
 Found active line with index: 9
 Line 9 already has a marker at 82.383211s
 Adding marker for next unmarked line: 10
 Creating marker for line 10: type=chorus, color=#F44336
 [SETACTIVE] Called with index 10. Current style: default
 Sync Editor: Skipping standard scroll - using forced centering only
 Sync Editor: Positioned line 10 at TOP (teleprompter mode)
 Sync Editor: Positioned line 10 at TOP (teleprompter mode)
 📡 BLOCK CHANGE EVENT received
    Current loop block: None
    New active block: Block 1 (ID: block-1763457140325-0-9sw0eyjzwi8)
    Loop is active: false
    Seeking in progress: false
 🔄 DIFFERENT BLOCK DETECTED: Proceeding with block change logic
    Was looping: false
 ℹ️ NO LOOP TO STOP: Loop was not active
 🔧 CREATING LOOP BUTTON: For new active block
 BlockLoopControl: _createLoopButtonForCurrentBlock called
 BlockLoopControl: lyricsDisplay.currentActiveBlock: Object
 BlockLoopControl: lyricsDisplay.textBlocks: Array(8)
 Sync Editor: Positioned line 10 at TOP (teleprompter mode)
 [SETACTIVE] Called with index 10. Current style: default
 Sync Editor: Skipping standard scroll - using forced centering only
 Sync Editor: Positioned line 10 at TOP (teleprompter mode)
 Sync Editor: Positioned line 10 at TOP (teleprompter mode)
 📡 BLOCK CHANGE EVENT received
    Current loop block: None
    New active block: Block 1 (ID: block-1763457140325-0-9sw0eyjzwi8)
    Loop is active: false
    Seeking in progress: false
 🔄 DIFFERENT BLOCK DETECTED: Proceeding with block change logic
    Was looping: false
 ℹ️ NO LOOP TO STOP: Loop was not active
 🔧 CREATING LOOP BUTTON: For new active block
 BlockLoopControl: _createLoopButtonForCurrentBlock called
 BlockLoopControl: lyricsDisplay.currentActiveBlock: Object
 BlockLoopControl: lyricsDisplay.textBlocks: Array(8)
 Sync Editor: Positioned line 10 at TOP (teleprompter mode)
 ModalBlockEditor: Mouse move, isDragging: false draggedBlock: null
 ModalBlockEditor: Mouse move, isDragging: false draggedBlock: null
 ModalBlockEditor: Mouse move, isDragging: false draggedBlock: null
 ModalBlockEditor: Mouse move, isDragging: false draggedBlock: null
 ModalBlockEditor: Mouse move, isDragging: false draggedBlock: null
 Key pressed: Digit1
 Key pressed: 1, key code: 49, waveform active: true
 Key "1" pressed - attempting to add marker
 Active line found, adding marker
 _addMarkerForActiveLine called
 Current time: 85.544112s, Audio is playing: true
 [MARKER] Looking for active line. Found: 
 Found active line with index: 10
 Line 10 already has a marker at 82.656045s
 Adding marker for next unmarked line: 11
 Creating marker for line 11: type=chorus, color=#F44336
 [SETACTIVE] Called with index 11. Current style: default
 Sync Editor: Skipping standard scroll - using forced centering only
 Sync Editor: Positioned line 11 at TOP (teleprompter mode)
 Sync Editor: Positioned line 11 at TOP (teleprompter mode)
 📡 BLOCK CHANGE EVENT received
    Current loop block: None
    New active block: Block 1 (ID: block-1763457140325-0-9sw0eyjzwi8)
    Loop is active: false
    Seeking in progress: false
 🔄 DIFFERENT BLOCK DETECTED: Proceeding with block change logic
    Was looping: false
 ℹ️ NO LOOP TO STOP: Loop was not active
 🔧 CREATING LOOP BUTTON: For new active block
 BlockLoopControl: _createLoopButtonForCurrentBlock called
 BlockLoopControl: lyricsDisplay.currentActiveBlock: Object
 BlockLoopControl: lyricsDisplay.textBlocks: Array(8)
 Sync Editor: Positioned line 11 at TOP (teleprompter mode)
 [SETACTIVE] Called with index 11. Current style: default
 Sync Editor: Skipping standard scroll - using forced centering only
 Sync Editor: Positioned line 11 at TOP (teleprompter mode)
 Sync Editor: Positioned line 11 at TOP (teleprompter mode)
 📡 BLOCK CHANGE EVENT received
    Current loop block: None
    New active block: Block 1 (ID: block-1763457140325-0-9sw0eyjzwi8)
    Loop is active: false
    Seeking in progress: false
 🔄 DIFFERENT BLOCK DETECTED: Proceeding with block change logic
    Was looping: false
 ℹ️ NO LOOP TO STOP: Loop was not active
 🔧 CREATING LOOP BUTTON: For new active block
 BlockLoopControl: _createLoopButtonForCurrentBlock called
 BlockLoopControl: lyricsDisplay.currentActiveBlock: Object
 BlockLoopControl: lyricsDisplay.textBlocks: Array(8)
 Sync Editor: Positioned line 11 at TOP (teleprompter mode)
 ModalBlockEditor: Mouse move, isDragging: false draggedBlock: null
 ModalBlockEditor: Mouse move, isDragging: false draggedBlock: null
 ModalBlockEditor: Mouse move, isDragging: false draggedBlock: null
 ModalBlockEditor: Mouse move, isDragging: false draggedBlock: null
 ModalBlockEditor: Mouse move, isDragging: false draggedBlock: null
 Key pressed: Space
 Space bar pressed, toggling playback
 ⏸️ ИНСТРУМЕНТАЛ: Пауза
 ⏸️ ВОКАЛ: Пауза
 isPlaying property set to: false
 Key pressed:  , key code: 32, waveform active: true
 ModalBlockEditor: Mouse move, isDragging: false draggedBlock: null
 ModalBlockEditor: Mouse move, isDragging: false draggedBlock: null
 ModalBlockEditor: Mouse move, isDragging: false draggedBlock: null
 ModalBlockEditor: Mouse move, isDragging: false draggedBlock: null
 ModalBlockEditor: Mouse move, isDragging: false draggedBlock: null
 ModalBlockEditor: Mouse move, isDragging: false draggedBlock: null
 ModalBlockEditor: Mouse move, isDragging: false draggedBlock: null
 ModalBlockEditor: Mouse move, isDragging: false draggedBlock: null
 ModalBlockEditor: Mouse move, isDragging: false draggedBlock: null
 ModalBlockEditor: Mouse move, isDragging: false draggedBlock: null
 ModalBlockEditor: Mouse move, isDragging: false draggedBlock: null
 ModalBlockEditor: Mouse move, isDragging: false draggedBlock: null
 ModalBlockEditor: Mouse move, isDragging: false draggedBlock: null
 ModalBlockEditor: Mouse move, isDragging: false draggedBlock: null
 ModalBlockEditor: Mouse move, isDragging: false draggedBlock: null
 ModalBlockEditor: Mouse move, isDragging: false draggedBlock: null
 Началось перетаскивание маркера: 1763457296737mdce4
 Началось перетаскивание маркера: 1763457296737mdce4
 Перетаскивание маркера 1763457296737mdce4 на 80.08s
 ModalBlockEditor: Mouse move, isDragging: false draggedBlock: null
 Перетаскивание маркера 1763457296737mdce4 на 76.26s
 ModalBlockEditor: Mouse move, isDragging: false draggedBlock: null
 Перетаскивание маркера 1763457296737mdce4 на 76.13s
 ModalBlockEditor: Mouse move, isDragging: false draggedBlock: null
 Перетаскивание маркера 1763457296737mdce4 на 75.86s
 ModalBlockEditor: Mouse move, isDragging: false draggedBlock: null
 Перетаскивание маркера 1763457296737mdce4 на 74.22s
 ModalBlockEditor: Mouse move, isDragging: false draggedBlock: null
 Auto-scroll re-enabled after timeout
 Перетаскивание маркера 1763457296737mdce4 на 74.22s
 ModalBlockEditor: Mouse move, isDragging: false draggedBlock: null
 Перетаскивание маркера 1763457296737mdce4 на 74.22s
 ModalBlockEditor: Mouse move, isDragging: false draggedBlock: null
 Saved 12 markers to track: Linkin Park - Breaking the Habit
 Завершено перетаскивание маркера: 1763457296737mdce4
 ModalBlockEditor: Mouse up, isDragging: false draggedBlock: null mergeTarget: null
 Ignoring click after marker drag
 ModalBlockEditor: Mouse move, isDragging: false draggedBlock: null
 Track updated in database
 ModalBlockEditor: Mouse move, isDragging: false draggedBlock: null
 ModalBlockEditor: Mouse move, isDragging: false draggedBlock: null
 ModalBlockEditor: Mouse move, isDragging: false draggedBlock: null
 ModalBlockEditor: Mouse move, isDragging: false draggedBlock: null
 ModalBlockEditor: Mouse move, isDragging: false draggedBlock: null
 ModalBlockEditor: Mouse move, isDragging: false draggedBlock: null
 ModalBlockEditor: Mouse move, isDragging: false draggedBlock: null
 ModalBlockEditor: Mouse move, isDragging: false draggedBlock: null
 ModalBlockEditor: Mouse move, isDragging: false draggedBlock: null
 ModalBlockEditor: Mouse move, isDragging: false draggedBlock: null
 ModalBlockEditor: Mouse move, isDragging: false draggedBlock: null
 ModalBlockEditor: Mouse move, isDragging: false draggedBlock: null
 ModalBlockEditor: Mouse move, isDragging: false draggedBlock: null
 ModalBlockEditor: Mouse move, isDragging: false draggedBlock: null
 Началось перетаскивание маркера: 176345729789581pff
 Началось перетаскивание маркера: 176345729789581pff
 Перетаскивание маркера 176345729789581pff на 80.89s
 ModalBlockEditor: Mouse move, isDragging: false draggedBlock: null
 Перетаскивание маркера 176345729789581pff на 79.40s
 ModalBlockEditor: Mouse move, isDragging: false draggedBlock: null
 Перетаскивание маркера 176345729789581pff на 79.40s
 ModalBlockEditor: Mouse move, isDragging: false draggedBlock: null
 Перетаскивание маркера 176345729789581pff на 78.99s
 ModalBlockEditor: Mouse move, isDragging: false draggedBlock: null
 Перетаскивание маркера 176345729789581pff на 78.99s
 ModalBlockEditor: Mouse move, isDragging: false draggedBlock: null
 Перетаскивание маркера 176345729789581pff на 78.99s
 ModalBlockEditor: Mouse move, isDragging: false draggedBlock: null
 Перетаскивание маркера 176345729789581pff на 78.99s
 ModalBlockEditor: Mouse move, isDragging: false draggedBlock: null
 Перетаскивание маркера 176345729789581pff на 78.85s
 ModalBlockEditor: Mouse move, isDragging: false draggedBlock: null
 Saved 12 markers to track: Linkin Park - Breaking the Habit
 Завершено перетаскивание маркера: 176345729789581pff
 ModalBlockEditor: Mouse up, isDragging: false draggedBlock: null mergeTarget: null
 Ignoring click after marker drag
 ModalBlockEditor: Mouse move, isDragging: false draggedBlock: null
 Track updated in database
 ModalBlockEditor: Mouse move, isDragging: false draggedBlock: null
 ModalBlockEditor: Mouse move, isDragging: false draggedBlock: null
 ModalBlockEditor: Mouse move, isDragging: false draggedBlock: null
 ModalBlockEditor: Mouse move, isDragging: false draggedBlock: null
 ModalBlockEditor: Mouse move, isDragging: false draggedBlock: null
 ModalBlockEditor: Mouse move, isDragging: false draggedBlock: null
 ModalBlockEditor: Mouse move, isDragging: false draggedBlock: null
 ModalBlockEditor: Mouse move, isDragging: false draggedBlock: null
 ModalBlockEditor: Mouse move, isDragging: false draggedBlock: null
 ModalBlockEditor: Mouse move, isDragging: false draggedBlock: null
 ModalBlockEditor: Mouse move, isDragging: false draggedBlock: null
 ModalBlockEditor: Mouse move, isDragging: false draggedBlock: null
 ModalBlockEditor: Mouse move, isDragging: false draggedBlock: null
 ModalBlockEditor: Mouse move, isDragging: false draggedBlock: null
 ModalBlockEditor: Mouse move, isDragging: false draggedBlock: null
 ModalBlockEditor: Mouse move, isDragging: false draggedBlock: null
 ModalBlockEditor: Mouse move, isDragging: false draggedBlock: null
 ModalBlockEditor: Mouse move, isDragging: false draggedBlock: null
 ModalBlockEditor: Mouse move, isDragging: false draggedBlock: null
 ModalBlockEditor: Mouse move, isDragging: false draggedBlock: null
 ModalBlockEditor: Mouse move, isDragging: false draggedBlock: null
 ModalBlockEditor: Mouse move, isDragging: false draggedBlock: null
 ModalBlockEditor: Mouse move, isDragging: false draggedBlock: null
 ModalBlockEditor: Mouse move, isDragging: false draggedBlock: null
 ModalBlockEditor: Mouse move, isDragging: false draggedBlock: null
 ModalBlockEditor: Mouse move, isDragging: false draggedBlock: null
 ModalBlockEditor: Mouse move, isDragging: false draggedBlock: null
 ModalBlockEditor: Mouse move, isDragging: false draggedBlock: null
 Началось перетаскивание маркера: 1763457294805kf3z7
 Началось перетаскивание маркера: 1763457294805kf3z7
 Перетаскивание маркера 1763457294805kf3z7 на 59.51s
 ModalBlockEditor: Mouse move, isDragging: false draggedBlock: null
 Перетаскивание маркера 1763457294805kf3z7 на 51.07s
 ModalBlockEditor: Mouse move, isDragging: false draggedBlock: null
 Перетаскивание маркера 1763457294805kf3z7 на 49.71s
 ModalBlockEditor: Mouse move, isDragging: false draggedBlock: null
 Saved 12 markers to track: Linkin Park - Breaking the Habit
 Завершено перетаскивание маркера: 1763457294805kf3z7
 ModalBlockEditor: Mouse up, isDragging: false draggedBlock: null mergeTarget: null
 Ignoring click after marker drag
 ModalBlockEditor: Mouse move, isDragging: false draggedBlock: null
 Track updated in database
 ModalBlockEditor: Mouse move, isDragging: false draggedBlock: null
 ModalBlockEditor: Mouse move, isDragging: false draggedBlock: null
 ModalBlockEditor: Mouse move, isDragging: false draggedBlock: null
 ModalBlockEditor: Mouse move, isDragging: false draggedBlock: null
 ModalBlockEditor: Mouse move, isDragging: false draggedBlock: null
 ModalBlockEditor: Mouse move, isDragging: false draggedBlock: null
 ModalBlockEditor: Mouse move, isDragging: false draggedBlock: null
 ModalBlockEditor: Mouse move, isDragging: false draggedBlock: null
 ModalBlockEditor: Mouse move, isDragging: false draggedBlock: null
 ModalBlockEditor: Mouse move, isDragging: false draggedBlock: null
 ModalBlockEditor: Mouse move, isDragging: false draggedBlock: null
 ModalBlockEditor: Mouse move, isDragging: false draggedBlock: null
 ModalBlockEditor: Mouse move, isDragging: false draggedBlock: null
 ModalBlockEditor: Mouse move, isDragging: false draggedBlock: null
 ModalBlockEditor: Mouse move, isDragging: false draggedBlock: null
 ModalBlockEditor: Mouse move, isDragging: false draggedBlock: null
 ModalBlockEditor: Mouse move, isDragging: false draggedBlock: null
 ModalBlockEditor: Mouse move, isDragging: false draggedBlock: null
 ModalBlockEditor: Mouse move, isDragging: false draggedBlock: null
 ModalBlockEditor: Mouse move, isDragging: false draggedBlock: null
 ModalBlockEditor: Mouse move, isDragging: false draggedBlock: null
 ModalBlockEditor: Mouse move, isDragging: false draggedBlock: null
 ModalBlockEditor: Mouse move, isDragging: false draggedBlock: null
 ModalBlockEditor: Mouse move, isDragging: false draggedBlock: null
 Началось перетаскивание маркера: 1763457295813jgm4z
 Началось перетаскивание маркера: 1763457295813jgm4z
 Перетаскивание маркера 1763457295813jgm4z на 69.45s
 ModalBlockEditor: Mouse move, isDragging: false draggedBlock: null
 Перетаскивание маркера 1763457295813jgm4z на 63.87s
 ModalBlockEditor: Mouse move, isDragging: false draggedBlock: null
 Перетаскивание маркера 1763457295813jgm4z на 60.87s
 ModalBlockEditor: Mouse move, isDragging: false draggedBlock: null
 Saved 12 markers to track: Linkin Park - Breaking the Habit
 Завершено перетаскивание маркера: 1763457295813jgm4z
 ModalBlockEditor: Mouse up, isDragging: false draggedBlock: null mergeTarget: null
 Ignoring click after marker drag
 ModalBlockEditor: Mouse move, isDragging: false draggedBlock: null
 Track updated in database
 ModalBlockEditor: Mouse move, isDragging: false draggedBlock: null
 ModalBlockEditor: Mouse move, isDragging: false draggedBlock: null
 ModalBlockEditor: Mouse move, isDragging: false draggedBlock: null
 ModalBlockEditor: Mouse move, isDragging: false draggedBlock: null
 ModalBlockEditor: Mouse move, isDragging: false draggedBlock: null
 ModalBlockEditor: Mouse move, isDragging: false draggedBlock: null
 ModalBlockEditor: Mouse move, isDragging: false draggedBlock: null
 ModalBlockEditor: Mouse move, isDragging: false draggedBlock: null
 ModalBlockEditor: Mouse move, isDragging: false draggedBlock: null
 ModalBlockEditor: Mouse move, isDragging: false draggedBlock: null
 ModalBlockEditor: Mouse move, isDragging: false draggedBlock: null
 ModalBlockEditor: Mouse move, isDragging: false draggedBlock: null
 ModalBlockEditor: Mouse move, isDragging: false draggedBlock: null
 ModalBlockEditor: Mouse move, isDragging: false draggedBlock: null
 ModalBlockEditor: Mouse move, isDragging: false draggedBlock: null
 ModalBlockEditor: Mouse move, isDragging: false draggedBlock: null
 ModalBlockEditor: Mouse move, isDragging: false draggedBlock: null
 Началось перетаскивание маркера: 1763457296737mdce4
 Началось перетаскивание маркера: 1763457296737mdce4
 Перетаскивание маркера 1763457296737mdce4 на 74.22s
 ModalBlockEditor: Mouse move, isDragging: false draggedBlock: null
 Перетаскивание маркера 1763457296737mdce4 на 70.14s
 ModalBlockEditor: Mouse move, isDragging: false draggedBlock: null
 Перетаскивание маркера 1763457296737mdce4 на 67.96s
 ModalBlockEditor: Mouse move, isDragging: false draggedBlock: null
 Перетаскивание маркера 1763457296737mdce4 на 67.96s
 ModalBlockEditor: Mouse move, isDragging: false draggedBlock: null
 Saved 12 markers to track: Linkin Park - Breaking the Habit
 Завершено перетаскивание маркера: 1763457296737mdce4
 ModalBlockEditor: Mouse up, isDragging: false draggedBlock: null mergeTarget: null
 Ignoring click after marker drag
 ModalBlockEditor: Mouse move, isDragging: false draggedBlock: null
 Track updated in database
 ModalBlockEditor: Mouse move, isDragging: false draggedBlock: null
 ModalBlockEditor: Mouse move, isDragging: false draggedBlock: null
 ModalBlockEditor: Mouse move, isDragging: false draggedBlock: null
 ModalBlockEditor: Mouse move, isDragging: false draggedBlock: null
 ModalBlockEditor: Mouse move, isDragging: false draggedBlock: null
 ModalBlockEditor: Mouse move, isDragging: false draggedBlock: null
 ModalBlockEditor: Mouse move, isDragging: false draggedBlock: null
 ModalBlockEditor: Mouse move, isDragging: false draggedBlock: null
 ModalBlockEditor: Mouse move, isDragging: false draggedBlock: null
 ModalBlockEditor: Mouse move, isDragging: false draggedBlock: null
 ModalBlockEditor: Mouse move, isDragging: false draggedBlock: null
 ModalBlockEditor: Mouse move, isDragging: false draggedBlock: null
 ModalBlockEditor: Mouse move, isDragging: false draggedBlock: null
 ModalBlockEditor: Mouse move, isDragging: false draggedBlock: null
 ModalBlockEditor: Mouse move, isDragging: false draggedBlock: null
 ModalBlockEditor: Mouse move, isDragging: false draggedBlock: null
 ModalBlockEditor: Mouse move, isDragging: false draggedBlock: null
 ModalBlockEditor: Mouse move, isDragging: false draggedBlock: null
 ModalBlockEditor: Mouse move, isDragging: false draggedBlock: null
 ModalBlockEditor: Mouse move, isDragging: false draggedBlock: null
 ModalBlockEditor: Mouse move, isDragging: false draggedBlock: null
 Началось перетаскивание маркера: 176345729789581pff
 Началось перетаскивание маркера: 176345729789581pff
 Перетаскивание маркера 176345729789581pff на 77.08s
 ModalBlockEditor: Mouse move, isDragging: false draggedBlock: null
 Перетаскивание маркера 176345729789581pff на 73.54s
 ModalBlockEditor: Mouse move, isDragging: false draggedBlock: null
 Перетаскивание маркера 176345729789581pff на 73.40s
 ModalBlockEditor: Mouse move, isDragging: false draggedBlock: null
 Saved 12 markers to track: Linkin Park - Breaking the Habit
 Завершено перетаскивание маркера: 176345729789581pff
 ModalBlockEditor: Mouse up, isDragging: false draggedBlock: null mergeTarget: null
 Ignoring click after marker drag
 ModalBlockEditor: Mouse move, isDragging: false draggedBlock: null
 Track updated in database
 ModalBlockEditor: Mouse move, isDragging: false draggedBlock: null
 ModalBlockEditor: Mouse move, isDragging: false draggedBlock: null
 ModalBlockEditor: Mouse move, isDragging: false draggedBlock: null
 ModalBlockEditor: Mouse move, isDragging: false draggedBlock: null
 ModalBlockEditor: Mouse move, isDragging: false draggedBlock: null
 ModalBlockEditor: Mouse move, isDragging: false draggedBlock: null
 ModalBlockEditor: Mouse move, isDragging: false draggedBlock: null
 ModalBlockEditor: Mouse move, isDragging: false draggedBlock: null
 ModalBlockEditor: Mouse move, isDragging: false draggedBlock: null
 ModalBlockEditor: Mouse move, isDragging: false draggedBlock: null
 ModalBlockEditor: Mouse move, isDragging: false draggedBlock: null
 ModalBlockEditor: Mouse move, isDragging: false draggedBlock: null
 ModalBlockEditor: Mouse move, isDragging: false draggedBlock: null
 ModalBlockEditor: Mouse move, isDragging: false draggedBlock: null
 ModalBlockEditor: Mouse move, isDragging: false draggedBlock: null
 ModalBlockEditor: Mouse move, isDragging: false draggedBlock: null
 Началось перетаскивание маркера: 1763457298482o32dj
 Началось перетаскивание маркера: 1763457298482o32dj
 Перетаскивание маркера 1763457298482o32dj на 81.44s
 ModalBlockEditor: Mouse move, isDragging: false draggedBlock: null
 Перетаскивание маркера 1763457298482o32dj на 79.94s
 ModalBlockEditor: Mouse move, isDragging: false draggedBlock: null
 Перетаскивание маркера 1763457298482o32dj на 79.80s
 ModalBlockEditor: Mouse move, isDragging: false draggedBlock: null
 Перетаскивание маркера 1763457298482o32dj на 79.80s
 ModalBlockEditor: Mouse move, isDragging: false draggedBlock: null
 Перетаскивание маркера 1763457298482o32dj на 79.80s
 ModalBlockEditor: Mouse move, isDragging: false draggedBlock: null
 Перетаскивание маркера 1763457298482o32dj на 79.80s
 ModalBlockEditor: Mouse move, isDragging: false draggedBlock: null
 Перетаскивание маркера 1763457298482o32dj на 78.31s
 ModalBlockEditor: Mouse move, isDragging: false draggedBlock: null
 Перетаскивание маркера 1763457298482o32dj на 77.35s
 ModalBlockEditor: Mouse move, isDragging: false draggedBlock: null
 Перетаскивание маркера 1763457298482o32dj на 77.35s
 ModalBlockEditor: Mouse move, isDragging: false draggedBlock: null
 Перетаскивание маркера 1763457298482o32dj на 77.22s
 ModalBlockEditor: Mouse move, isDragging: false draggedBlock: null
 Перетаскивание маркера 1763457298482o32dj на 77.22s
 ModalBlockEditor: Mouse move, isDragging: false draggedBlock: null
 Saved 12 markers to track: Linkin Park - Breaking the Habit
 Завершено перетаскивание маркера: 1763457298482o32dj
 ModalBlockEditor: Mouse up, isDragging: false draggedBlock: null mergeTarget: null
 Ignoring click after marker drag
 ModalBlockEditor: Mouse move, isDragging: false draggedBlock: null
 Track updated in database
 ModalBlockEditor: Mouse move, isDragging: false draggedBlock: null
 ModalBlockEditor: Mouse move, isDragging: false draggedBlock: null
 ModalBlockEditor: Mouse move, isDragging: false draggedBlock: null
 ModalBlockEditor: Mouse move, isDragging: false draggedBlock: null
 ModalBlockEditor: Mouse move, isDragging: false draggedBlock: null
 ModalBlockEditor: Mouse move, isDragging: false draggedBlock: null
 ModalBlockEditor: Mouse move, isDragging: false draggedBlock: null
 ModalBlockEditor: Mouse move, isDragging: false draggedBlock: null
 ModalBlockEditor: Mouse move, isDragging: false draggedBlock: null
 ModalBlockEditor: Mouse move, isDragging: false draggedBlock: null
 ModalBlockEditor: Mouse move, isDragging: false draggedBlock: null
 ModalBlockEditor: Mouse move, isDragging: false draggedBlock: null
 ModalBlockEditor: Mouse move, isDragging: false draggedBlock: null
 ModalBlockEditor: Mouse move, isDragging: false draggedBlock: null
 ModalBlockEditor: Mouse move, isDragging: false draggedBlock: null
 ModalBlockEditor: Mouse move, isDragging: false draggedBlock: null
 ModalBlockEditor: Mouse move, isDragging: false draggedBlock: null
 ModalBlockEditor: Mouse move, isDragging: false draggedBlock: null
 ModalBlockEditor: Mouse move, isDragging: false draggedBlock: null
 ModalBlockEditor: Mouse move, isDragging: false draggedBlock: null
 ModalBlockEditor: Mouse move, isDragging: false draggedBlock: null
 Началось перетаскивание маркера: 1763457299884ahinl
 Началось перетаскивание маркера: 1763457299884ahinl
 Перетаскивание маркера 1763457299884ahinl на 81.85s
 ModalBlockEditor: Mouse move, isDragging: false draggedBlock: null
 Перетаскивание маркера 1763457299884ahinl на 80.35s
 ModalBlockEditor: Mouse move, isDragging: false draggedBlock: null
 Перетаскивание маркера 1763457299884ahinl на 80.08s
 ModalBlockEditor: Mouse move, isDragging: false draggedBlock: null
 Saved 12 markers to track: Linkin Park - Breaking the Habit
 Завершено перетаскивание маркера: 1763457299884ahinl
 ModalBlockEditor: Mouse up, isDragging: false draggedBlock: null mergeTarget: null
 Ignoring click after marker drag
 Track updated in database
 ModalBlockEditor: Mouse move, isDragging: false draggedBlock: null
 ModalBlockEditor: Mouse move, isDragging: false draggedBlock: null
 ModalBlockEditor: Mouse move, isDragging: false draggedBlock: null
 ModalBlockEditor: Mouse move, isDragging: false draggedBlock: null
 ModalBlockEditor: Mouse move, isDragging: false draggedBlock: null
 ModalBlockEditor: Mouse move, isDragging: false draggedBlock: null
 ModalBlockEditor: Mouse move, isDragging: false draggedBlock: null
 ModalBlockEditor: Mouse move, isDragging: false draggedBlock: null
 ModalBlockEditor: Mouse move, isDragging: false draggedBlock: null
 ModalBlockEditor: Mouse move, isDragging: false draggedBlock: null
 ModalBlockEditor: Mouse move, isDragging: false draggedBlock: null
 ModalBlockEditor: Mouse move, isDragging: false draggedBlock: null
 ModalBlockEditor: Mouse move, isDragging: false draggedBlock: null
 ModalBlockEditor: Mouse move, isDragging: false draggedBlock: null
 ModalBlockEditor: Mouse move, isDragging: false draggedBlock: null
 ModalBlockEditor: Mouse move, isDragging: false draggedBlock: null
 ModalBlockEditor: Mouse move, isDragging: false draggedBlock: null
 ModalBlockEditor: Mouse move, isDragging: false draggedBlock: null
 ModalBlockEditor: Mouse move, isDragging: false draggedBlock: null
 ModalBlockEditor: Mouse move, isDragging: false draggedBlock: null
 Key pressed: Space
 Space bar pressed, toggling playback
 Key pressed:  , key code: 32, waveform active: true
 ModalBlockEditor: Mouse move, isDragging: false draggedBlock: null
 ▶️ ИНСТРУМЕНТАЛ: Воспроизведение начато
 🎤 ВОКАЛ: Синхронизирован и воспроизводится
 🎤 Activating vocal controls
 App: Уведомление (success): Вокальная дорожка загружена успешно
 LiveMode: Вокальная дорожка загружена успешно
 isPlaying property set to: true
 ModalBlockEditor: Mouse move, isDragging: false draggedBlock: null
 ModalBlockEditor: Mouse move, isDragging: false draggedBlock: null
 ModalBlockEditor: Mouse move, isDragging: false draggedBlock: null
 ModalBlockEditor: Mouse move, isDragging: false draggedBlock: null
 ModalBlockEditor: Mouse move, isDragging: false draggedBlock: null
 ModalBlockEditor: Mouse move, isDragging: false draggedBlock: null
 ModalBlockEditor: Mouse up, isDragging: false draggedBlock: null mergeTarget: null
 Seeking to 88.93s by canvas click
 ⏰ СИНХРО: Позиция установлена 88.93с
 ModalBlockEditor: Mouse move, isDragging: false draggedBlock: null
 ModalBlockEditor: Mouse move, isDragging: false draggedBlock: null
 ModalBlockEditor: Mouse move, isDragging: false draggedBlock: null
 ModalBlockEditor: Mouse move, isDragging: false draggedBlock: null
 ModalBlockEditor: Mouse move, isDragging: false draggedBlock: null
 ModalBlockEditor: Mouse move, isDragging: false draggedBlock: null
 ModalBlockEditor: Mouse move, isDragging: false draggedBlock: null
 ModalBlockEditor: Mouse move, isDragging: false draggedBlock: null
 ModalBlockEditor: Mouse move, isDragging: false draggedBlock: null
 ModalBlockEditor: Mouse move, isDragging: false draggedBlock: null
 ModalBlockEditor: Mouse move, isDragging: false draggedBlock: null
 ModalBlockEditor: Mouse move, isDragging: false draggedBlock: null
 ModalBlockEditor: Mouse move, isDragging: false draggedBlock: null
 ModalBlockEditor: Mouse move, isDragging: false draggedBlock: null
 ModalBlockEditor: Mouse move, isDragging: false draggedBlock: null
 ModalBlockEditor: Mouse move, isDragging: false draggedBlock: null
 ModalBlockEditor: Mouse move, isDragging: false draggedBlock: null
 ModalBlockEditor: Mouse move, isDragging: false draggedBlock: null
 ModalBlockEditor: Mouse move, isDragging: false draggedBlock: null
 Началось перетаскивание маркера: 1763457303353vihuf
 Началось перетаскивание маркера: 1763457303353vihuf
 Saved 12 markers to track: Linkin Park - Breaking the Habit
 Завершено перетаскивание маркера: 1763457303353vihuf
 ModalBlockEditor: Mouse up, isDragging: false draggedBlock: null mergeTarget: null
 Ignoring click after marker drag
 ModalBlockEditor: Mouse move, isDragging: false draggedBlock: null
 Track updated in database
 ModalBlockEditor: Mouse move, isDragging: false draggedBlock: null
 ModalBlockEditor: Mouse move, isDragging: false draggedBlock: null
 ModalBlockEditor: Mouse move, isDragging: false draggedBlock: null
 ModalBlockEditor: Mouse move, isDragging: false draggedBlock: null
 ModalBlockEditor: Mouse move, isDragging: false draggedBlock: null
 ModalBlockEditor: Mouse move, isDragging: false draggedBlock: null
 ModalBlockEditor: Mouse move, isDragging: false draggedBlock: null
 ModalBlockEditor: Mouse move, isDragging: false draggedBlock: null
 ModalBlockEditor: Mouse move, isDragging: false draggedBlock: null
 ModalBlockEditor: Mouse move, isDragging: false draggedBlock: null
 ModalBlockEditor: Mouse move, isDragging: false draggedBlock: null
 ModalBlockEditor: Mouse move, isDragging: false draggedBlock: null
 ModalBlockEditor: Mouse move, isDragging: false draggedBlock: null
 ModalBlockEditor: Mouse move, isDragging: false draggedBlock: null
 ModalBlockEditor: Mouse move, isDragging: false draggedBlock: null
 ModalBlockEditor: Mouse move, isDragging: false draggedBlock: null
 ModalBlockEditor: Mouse move, isDragging: false draggedBlock: null
 ModalBlockEditor: Mouse move, isDragging: false draggedBlock: null
 ModalBlockEditor: Mouse move, isDragging: false draggedBlock: null
 ModalBlockEditor: Mouse move, isDragging: false draggedBlock: null
 ModalBlockEditor: Mouse move, isDragging: false draggedBlock: null
 ModalBlockEditor: Mouse move, isDragging: false draggedBlock: null
 ModalBlockEditor: Mouse move, isDragging: false draggedBlock: null
 ModalBlockEditor: Mouse move, isDragging: false draggedBlock: null
 ModalBlockEditor: Mouse move, isDragging: false draggedBlock: null
 ModalBlockEditor: Mouse move, isDragging: false draggedBlock: null
 ModalBlockEditor: Mouse move, isDragging: false draggedBlock: null
 ModalBlockEditor: Mouse move, isDragging: false draggedBlock: null
 ModalBlockEditor: Mouse move, isDragging: false draggedBlock: null
 ModalBlockEditor: Mouse move, isDragging: false draggedBlock: null
 ModalBlockEditor: Mouse move, isDragging: false draggedBlock: null
 ModalBlockEditor: Mouse move, isDragging: false draggedBlock: null
 ModalBlockEditor: Mouse move, isDragging: false draggedBlock: null
 ModalBlockEditor: Mouse move, isDragging: false draggedBlock: null
 ModalBlockEditor: Mouse move, isDragging: false draggedBlock: null
 ModalBlockEditor: Mouse move, isDragging: false draggedBlock: null
 ModalBlockEditor: Mouse move, isDragging: false draggedBlock: null
 ModalBlockEditor: Mouse move, isDragging: false draggedBlock: null
 ModalBlockEditor: Mouse move, isDragging: false draggedBlock: null
 ModalBlockEditor: Mouse move, isDragging: false draggedBlock: null
 ModalBlockEditor: Mouse move, isDragging: false draggedBlock: null
 ModalBlockEditor: Mouse move, isDragging: false draggedBlock: null
 ModalBlockEditor: Mouse move, isDragging: false draggedBlock: null
 ModalBlockEditor: Mouse move, isDragging: false draggedBlock: null
 ModalBlockEditor: Mouse move, isDragging: false draggedBlock: null
 ModalBlockEditor: Mouse move, isDragging: false draggedBlock: null
 ModalBlockEditor: Mouse move, isDragging: false draggedBlock: null
 ModalBlockEditor: Mouse move, isDragging: false draggedBlock: null
 ModalBlockEditor: Mouse move, isDragging: false draggedBlock: null
 ModalBlockEditor: Mouse move, isDragging: false draggedBlock: null
 ModalBlockEditor: Mouse move, isDragging: false draggedBlock: null
 ModalBlockEditor: Mouse move, isDragging: false draggedBlock: null
 ModalBlockEditor: Mouse move, isDragging: false draggedBlock: null
 ModalBlockEditor: Mouse move, isDragging: false draggedBlock: null
 ModalBlockEditor: Mouse move, isDragging: false draggedBlock: null
 ModalBlockEditor: Mouse move, isDragging: false draggedBlock: null
 ModalBlockEditor: Mouse move, isDragging: false draggedBlock: null
 ModalBlockEditor: Mouse up, isDragging: false draggedBlock: null mergeTarget: null
 Seeking to 87.70s by canvas click
 ⏰ СИНХРО: Позиция установлена 87.70с
 Key pressed: Space
 Space bar pressed, toggling playback
 ⏸️ ИНСТРУМЕНТАЛ: Пауза
 ⏸️ ВОКАЛ: Пауза
 isPlaying property set to: false
 Key pressed:  , key code: 32, waveform active: true
 Key pressed: Digit1
 Key pressed: 1, key code: 49, waveform active: true
 Key "1" pressed - attempting to add marker
 Active line found, adding marker
 _addMarkerForActiveLine called
 Current time: 87.911767s, Audio is playing: false
 [MARKER] Looking for active line. Found: 
 Found active line with index: 11
 Line 11 already has a marker at 85.544112s
 Adding marker for next unmarked line: 12
 Creating marker for line 12: type=chorus, color=#F44336
 [SETACTIVE] Called with index 12. Current style: default
 Sync Editor: Skipping standard scroll - using forced centering only
 Sync Editor: Positioned line 12 at TOP (teleprompter mode)
 Sync Editor: Positioned line 12 at TOP (teleprompter mode)
 📡 BLOCK CHANGE EVENT received
    Current loop block: None
    New active block: Block 1 (ID: block-1763457140325-0-9sw0eyjzwi8)
    Loop is active: false
    Seeking in progress: false
 🔄 DIFFERENT BLOCK DETECTED: Proceeding with block change logic
    Was looping: false
 ℹ️ NO LOOP TO STOP: Loop was not active
 🔧 CREATING LOOP BUTTON: For new active block
 BlockLoopControl: _createLoopButtonForCurrentBlock called
 BlockLoopControl: lyricsDisplay.currentActiveBlock: Object
 BlockLoopControl: lyricsDisplay.textBlocks: Array(8)
 Sync Editor: Positioned line 12 at TOP (teleprompter mode)
 [SETACTIVE] Called with index 12. Current style: default
rtf-parser.js:849 Sync Editor: Skipping standard scroll - using forced centering only
rtf-parser.js:849 Sync Editor: Positioned line 12 at TOP (teleprompter mode)
rtf-parser.js:849 Sync Editor: Positioned line 12 at TOP (teleprompter mode)
rtf-parser.js:849 📡 BLOCK CHANGE EVENT received
rtf-parser.js:849    Current loop block: None
rtf-parser.js:849    New active block: Block 1 (ID: block-1763457140325-0-9sw0eyjzwi8)
rtf-parser.js:849    Loop is active: false
rtf-parser.js:849    Seeking in progress: false
rtf-parser.js:849 🔄 DIFFERENT BLOCK DETECTED: Proceeding with block change logic
rtf-parser.js:849    Was looping: false
rtf-parser.js:849 ℹ️ NO LOOP TO STOP: Loop was not active
rtf-parser.js:849 🔧 CREATING LOOP BUTTON: For new active block
rtf-parser.js:849 BlockLoopControl: _createLoopButtonForCurrentBlock called
rtf-parser.js:849 BlockLoopControl: lyricsDisplay.currentActiveBlock: Object
rtf-parser.js:849 BlockLoopControl: lyricsDisplay.textBlocks: Array(8)
rtf-parser.js:849 Sync Editor: Positioned line 12 at TOP (teleprompter mode)
rtf-parser.js:849 Key pressed: Space
rtf-parser.js:849 Space bar pressed, toggling playback
rtf-parser.js:849 Key pressed:  , key code: 32, waveform active: true
rtf-parser.js:849 ▶️ ИНСТРУМЕНТАЛ: Воспроизведение начато
rtf-parser.js:849 🎤 ВОКАЛ: Синхронизирован и воспроизводится
rtf-parser.js:849 🎤 Activating vocal controls
rtf-parser.js:849 App: Уведомление (success): Вокальная дорожка загружена успешно
rtf-parser.js:849 LiveMode: Вокальная дорожка загружена успешно
rtf-parser.js:849 isPlaying property set to: true
rtf-parser.js:849 ModalBlockEditor: Mouse move, isDragging: false draggedBlock: null
rtf-parser.js:849 ModalBlockEditor: Mouse move, isDragging: false draggedBlock: null
rtf-parser.js:849 ModalBlockEditor: Mouse move, isDragging: false draggedBlock: null
rtf-parser.js:849 ModalBlockEditor: Mouse move, isDragging: false draggedBlock: null
rtf-parser.js:849 ModalBlockEditor: Mouse move, isDragging: false draggedBlock: null
rtf-parser.js:849 ModalBlockEditor: Mouse move, isDragging: false draggedBlock: null
rtf-parser.js:849 ModalBlockEditor: Mouse up, isDragging: false draggedBlock: null mergeTarget: null
rtf-parser.js:849 Seeking to 90.43s by canvas click
rtf-parser.js:849 ⏰ СИНХРО: Позиция установлена 90.43с
rtf-parser.js:849 Key pressed: Digit1
rtf-parser.js:849 Key pressed: 1, key code: 49, waveform active: true
rtf-parser.js:849 Key "1" pressed - attempting to add marker
rtf-parser.js:849 Active line found, adding marker
rtf-parser.js:849 _addMarkerForActiveLine called
rtf-parser.js:849 Current time: 91.039644s, Audio is playing: true
rtf-parser.js:849 [MARKER] Looking for active line. Found: <div class=​"lyric-line marker-chorus played-marker" data-index=​"12" style=​"font-size:​ 1.44em;​ line-height:​ 1.6;​ border-left-color:​ rgb(244, 67, 54)​;​ color:​ rgb(244, 67, 54)​;​">​I don't know why I instigate​</div>​
rtf-parser.js:849 Found active line with index: 12
rtf-parser.js:849 Line 12 already has a marker at 87.911767s
rtf-parser.js:849 Adding marker for next unmarked line: 13
rtf-parser.js:849 Creating marker for line 13: type=chorus, color=#F44336
rtf-parser.js:849 [SETACTIVE] Called with index 13. Current style: default
rtf-parser.js:849 Sync Editor: Skipping standard scroll - using forced centering only
rtf-parser.js:849 Sync Editor: Positioned line 13 at TOP (teleprompter mode)
rtf-parser.js:849 Sync Editor: Positioned line 13 at TOP (teleprompter mode)
rtf-parser.js:849 📡 BLOCK CHANGE EVENT received
rtf-parser.js:849    Current loop block: None
rtf-parser.js:849    New active block: Block 1 (ID: block-1763457140325-0-9sw0eyjzwi8)
rtf-parser.js:849    Loop is active: false
rtf-parser.js:849    Seeking in progress: false
rtf-parser.js:849 🔄 DIFFERENT BLOCK DETECTED: Proceeding with block change logic
rtf-parser.js:849    Was looping: false
rtf-parser.js:849 ℹ️ NO LOOP TO STOP: Loop was not active
rtf-parser.js:849 🔧 CREATING LOOP BUTTON: For new active block
rtf-parser.js:849 BlockLoopControl: _createLoopButtonForCurrentBlock called
rtf-parser.js:849 BlockLoopControl: lyricsDisplay.currentActiveBlock: Object
rtf-parser.js:849 BlockLoopControl: lyricsDisplay.textBlocks: Array(8)
rtf-parser.js:849 Sync Editor: Positioned line 13 at TOP (teleprompter mode)
rtf-parser.js:849 [SETACTIVE] Called with index 13. Current style: default
rtf-parser.js:849 Sync Editor: Skipping standard scroll - using forced centering only
rtf-parser.js:849 Sync Editor: Positioned line 13 at TOP (teleprompter mode)
rtf-parser.js:849 Sync Editor: Positioned line 13 at TOP (teleprompter mode)
rtf-parser.js:849 📡 BLOCK CHANGE EVENT received
rtf-parser.js:849    Current loop block: None
rtf-parser.js:849    New active block: Block 1 (ID: block-1763457140325-0-9sw0eyjzwi8)
rtf-parser.js:849    Loop is active: false
rtf-parser.js:849    Seeking in progress: false
rtf-parser.js:849 🔄 DIFFERENT BLOCK DETECTED: Proceeding with block change logic
rtf-parser.js:849    Was looping: false
rtf-parser.js:849 ℹ️ NO LOOP TO STOP: Loop was not active
rtf-parser.js:849 🔧 CREATING LOOP BUTTON: For new active block
rtf-parser.js:849 BlockLoopControl: _createLoopButtonForCurrentBlock called
rtf-parser.js:849 BlockLoopControl: lyricsDisplay.currentActiveBlock: Object
rtf-parser.js:849 BlockLoopControl: lyricsDisplay.textBlocks: Array(8)
rtf-parser.js:849 Sync Editor: Positioned line 13 at TOP (teleprompter mode)
rtf-parser.js:849 ModalBlockEditor: Mouse move, isDragging: false draggedBlock: null
rtf-parser.js:849 ModalBlockEditor: Mouse move, isDragging: false draggedBlock: null
rtf-parser.js:849 ModalBlockEditor: Mouse move, isDragging: false draggedBlock: null
rtf-parser.js:849 ModalBlockEditor: Mouse move, isDragging: false draggedBlock: null
rtf-parser.js:849 Key pressed: Space
rtf-parser.js:849 Space bar pressed, toggling playback
rtf-parser.js:849 ⏸️ ИНСТРУМЕНТАЛ: Пауза
rtf-parser.js:849 ⏸️ ВОКАЛ: Пауза
rtf-parser.js:849 isPlaying property set to: false
rtf-parser.js:849 Key pressed:  , key code: 32, waveform active: true
rtf-parser.js:849 ModalBlockEditor: Mouse move, isDragging: false draggedBlock: null
rtf-parser.js:849 ModalBlockEditor: Mouse move, isDragging: false draggedBlock: null
rtf-parser.js:849 ModalBlockEditor: Mouse move, isDragging: false draggedBlock: null
rtf-parser.js:849 ModalBlockEditor: Mouse move, isDragging: false draggedBlock: null
rtf-parser.js:849 ModalBlockEditor: Mouse move, isDragging: false draggedBlock: null
rtf-parser.js:849 ModalBlockEditor: Mouse move, isDragging: false draggedBlock: null
rtf-parser.js:849 ModalBlockEditor: Mouse move, isDragging: false draggedBlock: null
rtf-parser.js:849 ModalBlockEditor: Mouse move, isDragging: false draggedBlock: null
rtf-parser.js:849 ModalBlockEditor: Mouse move, isDragging: false draggedBlock: null
rtf-parser.js:849 ModalBlockEditor: Mouse move, isDragging: false draggedBlock: null
rtf-parser.js:849 ModalBlockEditor: Mouse move, isDragging: false draggedBlock: null
rtf-parser.js:849 ModalBlockEditor: Mouse move, isDragging: false draggedBlock: null
rtf-parser.js:849 ModalBlockEditor: Mouse move, isDragging: false draggedBlock: null
rtf-parser.js:849 ModalBlockEditor: Mouse move, isDragging: false draggedBlock: null
rtf-parser.js:849 Key pressed: ShiftLeft
rtf-parser.js:849 Key pressed: Shift, key code: 16, waveform active: true
rtf-parser.js:849 Key pressed: MetaLeft
rtf-parser.js:849 Key pressed: Meta, key code: 91, waveform active: true
rtf-parser.js:849 Auto-scroll re-enabled after timeout
rtf-parser.js:849 Key pressed: MetaLeft
rtf-parser.js:849 Key pressed: Meta, key code: 91, waveform active: true
rtf-parser.js:849 Key pressed: AltLeft
rtf-parser.js:849 Key pressed: Alt, key code: 18, waveform active: true
rtf-parser.js:849 Key pressed: KeyJ
rtf-parser.js:849 Key pressed: j, key code: 74, waveform active: true
rtf-parser.js:849 Auto-scroll re-enabled after scroll event
